{"/home/travis/build/npmtest/node-npmtest-grunt-bake/test.js":{"path":"/home/travis/build/npmtest/node-npmtest-grunt-bake/test.js","s":{"1":2,"2":2,"3":2,"4":2,"5":2,"6":2,"7":2,"8":1,"9":2,"10":2,"11":1,"12":1,"13":1,"14":1,"15":2,"16":2,"17":2,"18":2,"19":1,"20":1,"21":2,"22":2,"23":2,"24":1,"25":1,"26":1,"27":1,"28":1,"29":1,"30":1,"31":1,"32":1,"33":1,"34":1,"35":1,"36":1,"37":1,"38":1,"39":2,"40":2,"41":1,"42":2,"43":2,"44":1,"45":2,"46":2,"47":1,"48":2,"49":2,"50":1,"51":1,"52":1,"53":1,"54":1},"b":{"1":[2,1,1,1],"2":[1,1,1,1],"3":[1,1],"4":[1,1],"5":[1,1],"6":[1,1],"7":[1,1],"8":[1,1],"9":[1,1],"10":[1,1,1],"11":[1,1],"12":[1,1],"13":[1,1],"14":[1,1],"15":[1,1],"16":[1,1],"17":[1,1]},"f":{"1":2,"2":2,"3":2,"4":2,"5":2,"6":1,"7":1,"8":1,"9":2,"10":2,"11":2,"12":2,"13":1},"fnMap":{"1":{"name":"(anonymous_1)","line":12,"loc":{"start":{"line":12,"column":1},"end":{"line":12,"column":13}}},"2":{"name":"(anonymous_2)","line":19,"loc":{"start":{"line":19,"column":5},"end":{"line":19,"column":17}}},"3":{"name":"(anonymous_3)","line":23,"loc":{"start":{"line":23,"column":24},"end":{"line":23,"column":36}}},"4":{"name":"(anonymous_4)","line":61,"loc":{"start":{"line":61,"column":5},"end":{"line":61,"column":17}}},"5":{"name":"(anonymous_5)","line":82,"loc":{"start":{"line":82,"column":5},"end":{"line":82,"column":17}}},"6":{"name":"(anonymous_6)","line":91,"loc":{"start":{"line":91,"column":77},"end":{"line":94,"column":10}}},"7":{"name":"(anonymous_7)","line":112,"loc":{"start":{"line":112,"column":83},"end":{"line":115,"column":10}},"skip":true},"8":{"name":"(anonymous_8)","line":123,"loc":{"start":{"line":123,"column":77},"end":{"line":126,"column":10}},"skip":true},"9":{"name":"(anonymous_9)","line":139,"loc":{"start":{"line":139,"column":12},"end":{"line":139,"column":40}},"skip":true},"10":{"name":"(anonymous_10)","line":147,"loc":{"start":{"line":147,"column":77},"end":{"line":150,"column":10}},"skip":true},"11":{"name":"(anonymous_11)","line":158,"loc":{"start":{"line":158,"column":83},"end":{"line":161,"column":10}},"skip":true},"12":{"name":"(anonymous_12)","line":169,"loc":{"start":{"line":169,"column":79},"end":{"line":172,"column":10}},"skip":true},"13":{"name":"(anonymous_13)","line":180,"loc":{"start":{"line":180,"column":75},"end":{"line":183,"column":10}},"skip":true}},"statementMap":{"1":{"start":{"line":12,"column":0},"end":{"line":195,"column":5}},"2":{"start":{"line":14,"column":4},"end":{"line":14,"column":14}},"3":{"start":{"line":19,"column":4},"end":{"line":56,"column":9}},"4":{"start":{"line":21,"column":8},"end":{"line":21,"column":19}},"5":{"start":{"line":23,"column":8},"end":{"line":35,"column":13}},"6":{"start":{"line":24,"column":12},"end":{"line":34,"column":13}},"7":{"start":{"line":25,"column":16},"end":{"line":28,"column":30}},"8":{"start":{"line":30,"column":16},"end":{"line":33,"column":27}},"9":{"start":{"line":37,"column":8},"end":{"line":39,"column":21}},"10":{"start":{"line":40,"column":8},"end":{"line":53,"column":9}},"11":{"start":{"line":43,"column":12},"end":{"line":46,"column":14}},"12":{"start":{"line":47,"column":12},"end":{"line":47,"column":18}},"13":{"start":{"line":50,"column":12},"end":{"line":51,"column":46}},"14":{"start":{"line":52,"column":12},"end":{"line":52,"column":18}},"15":{"start":{"line":55,"column":8},"end":{"line":55,"column":35}},"16":{"start":{"line":61,"column":4},"end":{"line":63,"column":9}},"17":{"start":{"line":62,"column":8},"end":{"line":62,"column":15}},"18":{"start":{"line":64,"column":4},"end":{"line":77,"column":5}},"19":{"start":{"line":70,"column":8},"end":{"line":70,"column":14}},"20":{"start":{"line":76,"column":8},"end":{"line":76,"column":14}},"21":{"start":{"line":82,"column":4},"end":{"line":84,"column":9}},"22":{"start":{"line":83,"column":8},"end":{"line":83,"column":15}},"23":{"start":{"line":85,"column":4},"end":{"line":194,"column":5}},"24":{"start":{"line":91,"column":8},"end":{"line":99,"column":10}},"25":{"start":{"line":98,"column":12},"end":{"line":98,"column":35}},"26":{"start":{"line":102,"column":8},"end":{"line":104,"column":63}},"27":{"start":{"line":105,"column":8},"end":{"line":105,"column":14}},"28":{"start":{"line":112,"column":8},"end":{"line":121,"column":10},"skip":true},"29":{"start":{"line":119,"column":12},"end":{"line":119,"column":55},"skip":true},"30":{"start":{"line":120,"column":12},"end":{"line":120,"column":48},"skip":true},"31":{"start":{"line":123,"column":8},"end":{"line":136,"column":10},"skip":true},"32":{"start":{"line":130,"column":12},"end":{"line":130,"column":76},"skip":true},"33":{"start":{"line":131,"column":12},"end":{"line":131,"column":73},"skip":true},"34":{"start":{"line":132,"column":12},"end":{"line":132,"column":74},"skip":true},"35":{"start":{"line":133,"column":12},"end":{"line":133,"column":79},"skip":true},"36":{"start":{"line":134,"column":12},"end":{"line":134,"column":25},"skip":true},"37":{"start":{"line":135,"column":12},"end":{"line":135,"column":45},"skip":true},"38":{"start":{"line":138,"column":8},"end":{"line":145,"column":14},"skip":true},"39":{"start":{"line":143,"column":16},"end":{"line":143,"column":29},"skip":true},"40":{"start":{"line":144,"column":16},"end":{"line":144,"column":55},"skip":true},"41":{"start":{"line":147,"column":8},"end":{"line":156,"column":10},"skip":true},"42":{"start":{"line":154,"column":12},"end":{"line":154,"column":25},"skip":true},"43":{"start":{"line":155,"column":12},"end":{"line":155,"column":45},"skip":true},"44":{"start":{"line":158,"column":8},"end":{"line":167,"column":10},"skip":true},"45":{"start":{"line":165,"column":12},"end":{"line":165,"column":25},"skip":true},"46":{"start":{"line":166,"column":12},"end":{"line":166,"column":48},"skip":true},"47":{"start":{"line":169,"column":8},"end":{"line":178,"column":10},"skip":true},"48":{"start":{"line":176,"column":12},"end":{"line":176,"column":25},"skip":true},"49":{"start":{"line":177,"column":12},"end":{"line":177,"column":46},"skip":true},"50":{"start":{"line":180,"column":8},"end":{"line":189,"column":10},"skip":true},"51":{"start":{"line":187,"column":12},"end":{"line":187,"column":94},"skip":true},"52":{"start":{"line":188,"column":12},"end":{"line":188,"column":48},"skip":true},"53":{"start":{"line":192,"column":8},"end":{"line":192,"column":35},"skip":true},"54":{"start":{"line":193,"column":8},"end":{"line":193,"column":14},"skip":true}},"branchMap":{"1":{"line":25,"type":"binary-expr","locations":[{"start":{"line":25,"column":23},"end":{"line":25,"column":62}},{"start":{"line":26,"column":20},"end":{"line":26,"column":70}},{"start":{"line":27,"column":20},"end":{"line":27,"column":71}},{"start":{"line":28,"column":20},"end":{"line":28,"column":29}}]},"2":{"line":30,"type":"binary-expr","locations":[{"start":{"line":30,"column":23},"end":{"line":30,"column":37}},{"start":{"line":31,"column":20},"end":{"line":31,"column":61}},{"start":{"line":32,"column":20},"end":{"line":32,"column":70}},{"start":{"line":33,"column":20},"end":{"line":33,"column":26}}]},"3":{"line":37,"type":"cond-expr","locations":[{"start":{"line":38,"column":14},"end":{"line":38,"column":20}},{"start":{"line":39,"column":14},"end":{"line":39,"column":20}}]},"4":{"line":40,"type":"switch","locations":[{"start":{"line":42,"column":8},"end":{"line":47,"column":18}},{"start":{"line":49,"column":8},"end":{"line":52,"column":18}}]},"5":{"line":44,"type":"binary-expr","locations":[{"start":{"line":44,"column":16},"end":{"line":44,"column":44}},{"start":{"line":44,"column":48},"end":{"line":44,"column":66}}]},"6":{"line":50,"type":"binary-expr","locations":[{"start":{"line":50,"column":21},"end":{"line":50,"column":49}},{"start":{"line":50,"column":53},"end":{"line":50,"column":72}}]},"7":{"line":64,"type":"switch","locations":[{"start":{"line":69,"column":4},"end":{"line":70,"column":14}},{"start":{"line":75,"column":4},"end":{"line":76,"column":14}}]},"8":{"line":85,"type":"switch","locations":[{"start":{"line":90,"column":4},"end":{"line":105,"column":14}},{"start":{"line":111,"column":4},"end":{"line":193,"column":14},"skip":true}]},"9":{"line":91,"type":"binary-expr","locations":[{"start":{"line":91,"column":42},"end":{"line":91,"column":73}},{"start":{"line":91,"column":77},"end":{"line":99,"column":9}}]},"10":{"line":102,"type":"binary-expr","locations":[{"start":{"line":102,"column":18},"end":{"line":102,"column":32}},{"start":{"line":103,"column":12},"end":{"line":103,"column":53}},{"start":{"line":104,"column":12},"end":{"line":104,"column":61}}]},"11":{"line":112,"type":"binary-expr","locations":[{"start":{"line":112,"column":45},"end":{"line":112,"column":79},"skip":true},{"start":{"line":112,"column":83},"end":{"line":121,"column":9},"skip":true}]},"12":{"line":123,"type":"binary-expr","locations":[{"start":{"line":123,"column":42},"end":{"line":123,"column":73},"skip":true},{"start":{"line":123,"column":77},"end":{"line":136,"column":9},"skip":true}]},"13":{"line":138,"type":"binary-expr","locations":[{"start":{"line":138,"column":48},"end":{"line":138,"column":85},"skip":true},{"start":{"line":139,"column":12},"end":{"line":145,"column":13},"skip":true}]},"14":{"line":147,"type":"binary-expr","locations":[{"start":{"line":147,"column":42},"end":{"line":147,"column":73},"skip":true},{"start":{"line":147,"column":77},"end":{"line":156,"column":9},"skip":true}]},"15":{"line":158,"type":"binary-expr","locations":[{"start":{"line":158,"column":45},"end":{"line":158,"column":79},"skip":true},{"start":{"line":158,"column":83},"end":{"line":167,"column":9},"skip":true}]},"16":{"line":169,"type":"binary-expr","locations":[{"start":{"line":169,"column":43},"end":{"line":169,"column":75},"skip":true},{"start":{"line":169,"column":79},"end":{"line":178,"column":9},"skip":true}]},"17":{"line":180,"type":"binary-expr","locations":[{"start":{"line":180,"column":41},"end":{"line":180,"column":71},"skip":true},{"start":{"line":180,"column":75},"end":{"line":189,"column":9},"skip":true}]}},"code":["/* istanbul instrument in package npmtest_grunt_bake */","/*jslint","    bitwise: true,","    browser: true,","    maxerr: 8,","    maxlen: 96,","    node: true,","    nomen: true,","    regexp: true,","    stupid: true","*/","(function () {","    'use strict';","    var local;","","","","    // run shared js-env code - pre-init","    (function () {","        // init local","        local = {};","        // init modeJs","        local.modeJs = (function () {","            try {","                return typeof navigator.userAgent === 'string' &&","                    typeof document.querySelector('body') === 'object' &&","                    typeof XMLHttpRequest.prototype.open === 'function' &&","                    'browser';","            } catch (errorCaughtBrowser) {","                return module.exports &&","                    typeof process.versions.node === 'string' &&","                    typeof require('http').createServer === 'function' &&","                    'node';","            }","        }());","        // init global","        local.global = local.modeJs === 'browser'","            ? window","            : global;","        switch (local.modeJs) {","        // re-init local from window.local","        case 'browser':","            local = local.global.utility2.objectSetDefault(","                local.global.utility2_rollup || local.global.local,","                local.global.utility2","            );","            break;","        // re-init local from example.js","        case 'node':","            local = (local.global.utility2_rollup || require('utility2'))","                .requireExampleJsFromReadme();","            break;","        }","        // export local","        local.global.local = local;","    }());","","","","    // run shared js-env code - function","    (function () {","        return;","    }());","    switch (local.modeJs) {","","","","    // run browser js-env code - function","    case 'browser':","        break;","","","","    // run node js-env code - function","    case 'node':","        break;","    }","","","","    // run shared js-env code - post-init","    (function () {","        return;","    }());","    switch (local.modeJs) {","","","","    // run browser js-env code - post-init","    case 'browser':","        local.testCase_browser_nullCase = local.testCase_browser_nullCase || function (","            options,","            onError","        ) {","        /*","         * this function will test browsers's null-case handling-behavior-behavior","         */","            onError(null, options);","        };","","        // run tests","        local.nop(local.modeTest &&","            document.querySelector('#testRunButton1') &&","            document.querySelector('#testRunButton1').click());","        break;","","","","    // run node js-env code - post-init","    /* istanbul ignore next */","    case 'node':","        local.testCase_buildApidoc_default = local.testCase_buildApidoc_default || function (","            options,","            onError","        ) {","        /*","         * this function will test buildApidoc's default handling-behavior-behavior","         */","            options = { modulePathList: module.paths };","            local.buildApidoc(options, onError);","        };","","        local.testCase_buildApp_default = local.testCase_buildApp_default || function (","            options,","            onError","        ) {","        /*","         * this function will test buildApp's default handling-behavior-behavior","         */","            local.testCase_buildReadme_default(options, local.onErrorThrow);","            local.testCase_buildLib_default(options, local.onErrorThrow);","            local.testCase_buildTest_default(options, local.onErrorThrow);","            local.testCase_buildCustomOrg_default(options, local.onErrorThrow);","            options = [];","            local.buildApp(options, onError);","        };","","        local.testCase_buildCustomOrg_default = local.testCase_buildCustomOrg_default ||","            function (options, onError) {","            /*","             * this function will test buildCustomOrg's default handling-behavior","             */","                options = {};","                local.buildCustomOrg(options, onError);","            };","","        local.testCase_buildLib_default = local.testCase_buildLib_default || function (","            options,","            onError","        ) {","        /*","         * this function will test buildLib's default handling-behavior","         */","            options = {};","            local.buildLib(options, onError);","        };","","        local.testCase_buildReadme_default = local.testCase_buildReadme_default || function (","            options,","            onError","        ) {","        /*","         * this function will test buildReadme's default handling-behavior-behavior","         */","            options = {};","            local.buildReadme(options, onError);","        };","","        local.testCase_buildTest_default = local.testCase_buildTest_default || function (","            options,","            onError","        ) {","        /*","         * this function will test buildTest's default handling-behavior","         */","            options = {};","            local.buildTest(options, onError);","        };","","        local.testCase_webpage_default = local.testCase_webpage_default || function (","            options,","            onError","        ) {","        /*","         * this function will test webpage's default handling-behavior","         */","            options = { modeCoverageMerge: true, url: local.serverLocalHost + '?modeTest=1' };","            local.browserTest(options, onError);","        };","","        // run test-server","        local.testRunServer(local);","        break;","    }","}());",""],"l":{"12":2,"14":2,"19":2,"21":2,"23":2,"24":2,"25":2,"30":1,"37":2,"40":2,"43":1,"47":1,"50":1,"52":1,"55":2,"61":2,"62":2,"64":2,"70":1,"76":1,"82":2,"83":2,"85":2,"91":1,"98":1,"102":1,"105":1,"112":1,"119":1,"120":1,"123":1,"130":1,"131":1,"132":1,"133":1,"134":1,"135":1,"138":1,"143":2,"144":2,"147":1,"154":2,"155":2,"158":1,"165":2,"166":2,"169":1,"176":2,"177":2,"180":1,"187":1,"188":1,"192":1,"193":1}},"/home/travis/build/npmtest/node-npmtest-grunt-bake/lib.npmtest_grunt_bake.js":{"path":"/home/travis/build/npmtest/node-npmtest-grunt-bake/lib.npmtest_grunt_bake.js","s":{"1":2,"2":2,"3":2,"4":2,"5":2,"6":2,"7":2,"8":1,"9":2,"10":2,"11":2,"12":2,"13":1,"14":1,"15":1,"16":1},"b":{"1":[2,1,1,1],"2":[1,1,1,1],"3":[1,1],"4":[2,2],"5":[1,1]},"f":{"1":2,"2":2,"3":2},"fnMap":{"1":{"name":"(anonymous_1)","line":12,"loc":{"start":{"line":12,"column":1},"end":{"line":12,"column":13}}},"2":{"name":"(anonymous_2)","line":19,"loc":{"start":{"line":19,"column":5},"end":{"line":19,"column":17}}},"3":{"name":"(anonymous_3)","line":23,"loc":{"start":{"line":23,"column":24},"end":{"line":23,"column":36}}}},"statementMap":{"1":{"start":{"line":12,"column":0},"end":{"line":53,"column":5}},"2":{"start":{"line":14,"column":4},"end":{"line":14,"column":14}},"3":{"start":{"line":19,"column":4},"end":{"line":52,"column":9}},"4":{"start":{"line":21,"column":8},"end":{"line":21,"column":19}},"5":{"start":{"line":23,"column":8},"end":{"line":35,"column":13}},"6":{"start":{"line":24,"column":12},"end":{"line":34,"column":13}},"7":{"start":{"line":25,"column":16},"end":{"line":28,"column":30}},"8":{"start":{"line":30,"column":16},"end":{"line":33,"column":27}},"9":{"start":{"line":37,"column":8},"end":{"line":39,"column":21}},"10":{"start":{"line":41,"column":8},"end":{"line":41,"column":54}},"11":{"start":{"line":43,"column":8},"end":{"line":43,"column":55}},"12":{"start":{"line":45,"column":8},"end":{"line":51,"column":9}},"13":{"start":{"line":46,"column":12},"end":{"line":46,"column":61}},"14":{"start":{"line":48,"column":12},"end":{"line":48,"column":35}},"15":{"start":{"line":49,"column":12},"end":{"line":49,"column":49}},"16":{"start":{"line":50,"column":12},"end":{"line":50,"column":43}}},"branchMap":{"1":{"line":25,"type":"binary-expr","locations":[{"start":{"line":25,"column":23},"end":{"line":25,"column":62}},{"start":{"line":26,"column":20},"end":{"line":26,"column":70}},{"start":{"line":27,"column":20},"end":{"line":27,"column":71}},{"start":{"line":28,"column":20},"end":{"line":28,"column":29}}]},"2":{"line":30,"type":"binary-expr","locations":[{"start":{"line":30,"column":23},"end":{"line":30,"column":37}},{"start":{"line":31,"column":20},"end":{"line":31,"column":61}},{"start":{"line":32,"column":20},"end":{"line":32,"column":70}},{"start":{"line":33,"column":20},"end":{"line":33,"column":26}}]},"3":{"line":37,"type":"cond-expr","locations":[{"start":{"line":38,"column":14},"end":{"line":38,"column":20}},{"start":{"line":39,"column":14},"end":{"line":39,"column":20}}]},"4":{"line":41,"type":"binary-expr","locations":[{"start":{"line":41,"column":16},"end":{"line":41,"column":44}},{"start":{"line":41,"column":48},"end":{"line":41,"column":53}}]},"5":{"line":45,"type":"if","locations":[{"start":{"line":45,"column":8},"end":{"line":45,"column":8}},{"start":{"line":45,"column":8},"end":{"line":45,"column":8}}]}},"code":["/* istanbul instrument in package npmtest_grunt_bake */","/*jslint","    bitwise: true,","    browser: true,","    maxerr: 8,","    maxlen: 96,","    node: true,","    nomen: true,","    regexp: true,","    stupid: true","*/","(function () {","    'use strict';","    var local;","","","","    // run shared js-env code - pre-init","    (function () {","        // init local","        local = {};","        // init modeJs","        local.modeJs = (function () {","            try {","                return typeof navigator.userAgent === 'string' &&","                    typeof document.querySelector('body') === 'object' &&","                    typeof XMLHttpRequest.prototype.open === 'function' &&","                    'browser';","            } catch (errorCaughtBrowser) {","                return module.exports &&","                    typeof process.versions.node === 'string' &&","                    typeof require('http').createServer === 'function' &&","                    'node';","            }","        }());","        // init global","        local.global = local.modeJs === 'browser'","            ? window","            : global;","        // init utility2_rollup","        local = local.global.utility2_rollup || local;","        // init lib","        local.local = local.npmtest_grunt_bake = local;","        // init exports","        if (local.modeJs === 'browser') {","            local.global.utility2_npmtest_grunt_bake = local;","        } else {","            module.exports = local;","            module.exports.__dirname = __dirname;","            module.exports.module = module;","        }","    }());","}());",""],"l":{"12":2,"14":2,"19":2,"21":2,"23":2,"24":2,"25":2,"30":1,"37":2,"41":2,"43":2,"45":2,"46":1,"48":1,"49":1,"50":1}},"/home/travis/build/npmtest/node-npmtest-grunt-bake/example.js":{"path":"/home/travis/build/npmtest/node-npmtest-grunt-bake/example.js","s":{"1":2,"2":2,"3":2,"4":2,"5":2,"6":2,"7":2,"8":1,"9":2,"10":2,"11":2,"12":2,"13":1,"14":2,"15":2,"16":2,"17":2,"18":2,"19":0,"20":2,"21":1,"22":1,"23":1,"24":1,"25":1,"26":0,"27":0,"28":1,"29":1,"30":2,"31":0,"32":0,"33":0,"34":1,"35":2,"36":2,"37":3,"38":3,"39":3,"40":3,"41":0,"42":3,"43":3,"44":3,"45":1,"46":3,"47":1,"48":1,"49":1,"50":1,"51":1,"52":1,"53":1,"54":1,"55":1,"56":1,"57":0,"58":1,"59":6,"60":6,"61":1,"62":2,"63":0,"64":2,"65":1,"66":1,"67":0,"68":0,"69":0,"70":0,"71":0,"72":0,"73":0,"74":0,"75":0,"76":0,"77":0,"78":0,"79":0,"80":0,"81":0,"82":0,"83":0},"b":{"1":[2,1,1,1],"2":[1,1,1,1],"3":[1,1],"4":[2,2],"5":[1,1],"6":[1,1],"7":[2,0],"8":[2,1,1,1,1,1],"9":[0,2,0],"10":[1,1],"11":[2,1,1],"12":[1,0],"13":[0,2],"14":[2,0,0,0,0,0,0],"15":[0,3],"16":[3,0],"17":[1,1],"18":[0,1],"19":[1,2,0,2],"20":[1,0],"21":[1,1],"22":[0,0],"23":[0,0],"24":[0,0],"25":[0,0],"26":[0,0],"27":[0,0],"28":[0,0]},"f":{"1":2,"2":2,"3":2,"4":2,"5":2,"6":2,"7":3,"8":3,"9":3,"10":1,"11":6,"12":0},"fnMap":{"1":{"name":"(anonymous_1)","line":26,"loc":{"start":{"line":26,"column":1},"end":{"line":26,"column":13}}},"2":{"name":"(anonymous_2)","line":33,"loc":{"start":{"line":33,"column":5},"end":{"line":33,"column":17}}},"3":{"name":"(anonymous_3)","line":37,"loc":{"start":{"line":37,"column":24},"end":{"line":37,"column":36}}},"4":{"name":"(anonymous_4)","line":69,"loc":{"start":{"line":69,"column":31},"end":{"line":69,"column":48}},"skip":true},"5":{"name":"(anonymous_5)","line":78,"loc":{"start":{"line":78,"column":26},"end":{"line":78,"column":45}},"skip":true},"6":{"name":"(anonymous_6)","line":123,"loc":{"start":{"line":123,"column":33},"end":{"line":123,"column":48}},"skip":true},"7":{"name":"(anonymous_7)","line":125,"loc":{"start":{"line":125,"column":27},"end":{"line":125,"column":39}},"skip":true},"8":{"name":"(anonymous_8)","line":133,"loc":{"start":{"line":133,"column":59},"end":{"line":133,"column":74}},"skip":true},"9":{"name":"(anonymous_9)","line":143,"loc":{"start":{"line":143,"column":45},"end":{"line":143,"column":62}},"skip":true},"10":{"name":"(anonymous_10)","line":144,"loc":{"start":{"line":144,"column":73},"end":{"line":144,"column":92}},"skip":true},"11":{"name":"(anonymous_11)","line":272,"loc":{"start":{"line":272,"column":51},"end":{"line":272,"column":77}},"skip":true},"12":{"name":"(anonymous_12)","line":315,"loc":{"start":{"line":315,"column":32},"end":{"line":315,"column":61}},"skip":true}},"statementMap":{"1":{"start":{"line":26,"column":0},"end":{"line":326,"column":5}},"2":{"start":{"line":28,"column":4},"end":{"line":28,"column":14}},"3":{"start":{"line":33,"column":4},"end":{"line":60,"column":9}},"4":{"start":{"line":35,"column":8},"end":{"line":35,"column":19}},"5":{"start":{"line":37,"column":8},"end":{"line":49,"column":13}},"6":{"start":{"line":38,"column":12},"end":{"line":48,"column":13}},"7":{"start":{"line":39,"column":16},"end":{"line":42,"column":30}},"8":{"start":{"line":44,"column":16},"end":{"line":47,"column":27}},"9":{"start":{"line":51,"column":8},"end":{"line":53,"column":21}},"10":{"start":{"line":55,"column":8},"end":{"line":57,"column":45}},"11":{"start":{"line":59,"column":8},"end":{"line":59,"column":35}},"12":{"start":{"line":61,"column":4},"end":{"line":325,"column":5}},"13":{"start":{"line":69,"column":8},"end":{"line":121,"column":10},"skip":true},"14":{"start":{"line":70,"column":12},"end":{"line":88,"column":13},"skip":true},"15":{"start":{"line":76,"column":16},"end":{"line":87,"column":19},"skip":true},"16":{"start":{"line":79,"column":20},"end":{"line":86,"column":21},"skip":true},"17":{"start":{"line":82,"column":24},"end":{"line":82,"column":43},"skip":true},"18":{"start":{"line":83,"column":24},"end":{"line":83,"column":30},"skip":true},"19":{"start":{"line":85,"column":24},"end":{"line":85,"column":49},"skip":true},"20":{"start":{"line":89,"column":12},"end":{"line":107,"column":13},"skip":true},"21":{"start":{"line":92,"column":16},"end":{"line":102,"column":17},"skip":true},"22":{"start":{"line":93,"column":20},"end":{"line":93,"column":86},"skip":true},"23":{"start":{"line":94,"column":20},"end":{"line":95,"column":45},"skip":true},"24":{"start":{"line":96,"column":20},"end":{"line":96,"column":42},"skip":true},"25":{"start":{"line":97,"column":20},"end":{"line":97,"column":48},"skip":true},"26":{"start":{"line":100,"column":20},"end":{"line":100,"column":85},"skip":true},"27":{"start":{"line":101,"column":20},"end":{"line":101,"column":96},"skip":true},"28":{"start":{"line":103,"column":16},"end":{"line":103,"column":22},"skip":true},"29":{"start":{"line":106,"column":16},"end":{"line":106,"column":22},"skip":true},"30":{"start":{"line":108,"column":12},"end":{"line":120,"column":13},"skip":true},"31":{"start":{"line":114,"column":16},"end":{"line":119,"column":17},"skip":true},"32":{"start":{"line":116,"column":20},"end":{"line":116,"column":78},"skip":true},"33":{"start":{"line":118,"column":20},"end":{"line":118,"column":47},"skip":true},"34":{"start":{"line":123,"column":8},"end":{"line":141,"column":11},"skip":true},"35":{"start":{"line":124,"column":12},"end":{"line":124,"column":54},"skip":true},"36":{"start":{"line":125,"column":12},"end":{"line":140,"column":14},"skip":true},"37":{"start":{"line":126,"column":16},"end":{"line":126,"column":28},"skip":true},"38":{"start":{"line":127,"column":16},"end":{"line":127,"column":69},"skip":true},"39":{"start":{"line":128,"column":16},"end":{"line":128,"column":75},"skip":true},"40":{"start":{"line":129,"column":16},"end":{"line":131,"column":17},"skip":true},"41":{"start":{"line":130,"column":20},"end":{"line":130,"column":27},"skip":true},"42":{"start":{"line":133,"column":16},"end":{"line":137,"column":36},"skip":true},"43":{"start":{"line":134,"column":20},"end":{"line":136,"column":55},"skip":true},"44":{"start":{"line":139,"column":16},"end":{"line":139,"column":57},"skip":true},"45":{"start":{"line":143,"column":8},"end":{"line":147,"column":11},"skip":true},"46":{"start":{"line":144,"column":12},"end":{"line":146,"column":15},"skip":true},"47":{"start":{"line":145,"column":16},"end":{"line":145,"column":70},"skip":true},"48":{"start":{"line":149,"column":8},"end":{"line":149,"column":31},"skip":true},"49":{"start":{"line":150,"column":8},"end":{"line":150,"column":14},"skip":true},"50":{"start":{"line":158,"column":8},"end":{"line":158,"column":31},"skip":true},"51":{"start":{"line":160,"column":8},"end":{"line":160,"column":33},"skip":true},"52":{"start":{"line":161,"column":8},"end":{"line":161,"column":37},"skip":true},"53":{"start":{"line":162,"column":8},"end":{"line":162,"column":35},"skip":true},"54":{"start":{"line":164,"column":8},"end":{"line":164,"column":50},"skip":true},"55":{"start":{"line":166,"column":8},"end":{"line":256,"column":2},"skip":true},"56":{"start":{"line":258,"column":8},"end":{"line":286,"column":9},"skip":true},"57":{"start":{"line":259,"column":12},"end":{"line":269,"column":14},"skip":true},"58":{"start":{"line":271,"column":12},"end":{"line":285,"column":19},"skip":true},"59":{"start":{"line":274,"column":20},"end":{"line":274,"column":35},"skip":true},"60":{"start":{"line":275,"column":20},"end":{"line":284,"column":21},"skip":true},"61":{"start":{"line":277,"column":24},"end":{"line":277,"column":64},"skip":true},"62":{"start":{"line":279,"column":24},"end":{"line":279,"column":40},"skip":true},"63":{"start":{"line":281,"column":24},"end":{"line":281,"column":40},"skip":true},"64":{"start":{"line":283,"column":24},"end":{"line":283,"column":39},"skip":true},"65":{"start":{"line":288,"column":8},"end":{"line":290,"column":9},"skip":true},"66":{"start":{"line":289,"column":12},"end":{"line":289,"column":18},"skip":true},"67":{"start":{"line":291,"column":8},"end":{"line":293,"column":54},"skip":true},"68":{"start":{"line":296,"column":8},"end":{"line":301,"column":37},"skip":true},"69":{"start":{"line":303,"column":8},"end":{"line":303,"column":82},"skip":true},"70":{"start":{"line":306,"column":8},"end":{"line":308,"column":9},"skip":true},"71":{"start":{"line":307,"column":12},"end":{"line":307,"column":82},"skip":true},"72":{"start":{"line":310,"column":8},"end":{"line":312,"column":9},"skip":true},"73":{"start":{"line":311,"column":12},"end":{"line":311,"column":18},"skip":true},"74":{"start":{"line":313,"column":8},"end":{"line":313,"column":54},"skip":true},"75":{"start":{"line":314,"column":8},"end":{"line":314,"column":69},"skip":true},"76":{"start":{"line":315,"column":8},"end":{"line":323,"column":36},"skip":true},"77":{"start":{"line":316,"column":12},"end":{"line":316,"column":61},"skip":true},"78":{"start":{"line":317,"column":12},"end":{"line":320,"column":13},"skip":true},"79":{"start":{"line":318,"column":16},"end":{"line":318,"column":75},"skip":true},"80":{"start":{"line":319,"column":16},"end":{"line":319,"column":23},"skip":true},"81":{"start":{"line":321,"column":12},"end":{"line":321,"column":38},"skip":true},"82":{"start":{"line":322,"column":12},"end":{"line":322,"column":27},"skip":true},"83":{"start":{"line":324,"column":8},"end":{"line":324,"column":14},"skip":true}},"branchMap":{"1":{"line":39,"type":"binary-expr","locations":[{"start":{"line":39,"column":23},"end":{"line":39,"column":62}},{"start":{"line":40,"column":20},"end":{"line":40,"column":70}},{"start":{"line":41,"column":20},"end":{"line":41,"column":71}},{"start":{"line":42,"column":20},"end":{"line":42,"column":29}}]},"2":{"line":44,"type":"binary-expr","locations":[{"start":{"line":44,"column":23},"end":{"line":44,"column":37}},{"start":{"line":45,"column":20},"end":{"line":45,"column":61}},{"start":{"line":46,"column":20},"end":{"line":46,"column":70}},{"start":{"line":47,"column":20},"end":{"line":47,"column":26}}]},"3":{"line":51,"type":"cond-expr","locations":[{"start":{"line":52,"column":14},"end":{"line":52,"column":20}},{"start":{"line":53,"column":14},"end":{"line":53,"column":20}}]},"4":{"line":55,"type":"binary-expr","locations":[{"start":{"line":55,"column":16},"end":{"line":55,"column":44}},{"start":{"line":55,"column":49},"end":{"line":57,"column":43}}]},"5":{"line":55,"type":"cond-expr","locations":[{"start":{"line":56,"column":14},"end":{"line":56,"column":54}},{"start":{"line":57,"column":14},"end":{"line":57,"column":43}}]},"6":{"line":61,"type":"switch","locations":[{"start":{"line":68,"column":4},"end":{"line":150,"column":14},"skip":true},{"start":{"line":156,"column":4},"end":{"line":324,"column":14},"skip":true}]},"7":{"line":70,"type":"if","locations":[{"start":{"line":70,"column":12},"end":{"line":70,"column":12},"skip":true},{"start":{"line":70,"column":12},"end":{"line":70,"column":12},"skip":true}]},"8":{"line":70,"type":"binary-expr","locations":[{"start":{"line":70,"column":16},"end":{"line":70,"column":22},"skip":true},{"start":{"line":70,"column":27},"end":{"line":70,"column":32},"skip":true},{"start":{"line":71,"column":20},"end":{"line":71,"column":39},"skip":true},{"start":{"line":72,"column":20},"end":{"line":72,"column":49},"skip":true},{"start":{"line":73,"column":20},"end":{"line":73,"column":58},"skip":true},{"start":{"line":74,"column":20},"end":{"line":74,"column":69},"skip":true}]},"9":{"line":79,"type":"switch","locations":[{"start":{"line":80,"column":20},"end":{"line":80,"column":33},"skip":true},{"start":{"line":81,"column":20},"end":{"line":83,"column":30},"skip":true},{"start":{"line":84,"column":20},"end":{"line":85,"column":49},"skip":true}]},"10":{"line":89,"type":"switch","locations":[{"start":{"line":90,"column":12},"end":{"line":103,"column":22},"skip":true},{"start":{"line":105,"column":12},"end":{"line":106,"column":22},"skip":true}]},"11":{"line":89,"type":"binary-expr","locations":[{"start":{"line":89,"column":20},"end":{"line":89,"column":25},"skip":true},{"start":{"line":89,"column":29},"end":{"line":89,"column":48},"skip":true},{"start":{"line":89,"column":52},"end":{"line":89,"column":74},"skip":true}]},"12":{"line":92,"type":"if","locations":[{"start":{"line":92,"column":16},"end":{"line":92,"column":16},"skip":true},{"start":{"line":92,"column":16},"end":{"line":92,"column":16},"skip":true}]},"13":{"line":108,"type":"if","locations":[{"start":{"line":108,"column":12},"end":{"line":108,"column":12},"skip":true},{"start":{"line":108,"column":12},"end":{"line":108,"column":12},"skip":true}]},"14":{"line":108,"type":"binary-expr","locations":[{"start":{"line":108,"column":16},"end":{"line":108,"column":61},"skip":true},{"start":{"line":108,"column":66},"end":{"line":108,"column":72},"skip":true},{"start":{"line":108,"column":77},"end":{"line":108,"column":82},"skip":true},{"start":{"line":109,"column":20},"end":{"line":109,"column":39},"skip":true},{"start":{"line":110,"column":20},"end":{"line":110,"column":49},"skip":true},{"start":{"line":111,"column":20},"end":{"line":111,"column":58},"skip":true},{"start":{"line":112,"column":20},"end":{"line":112,"column":68},"skip":true}]},"15":{"line":129,"type":"if","locations":[{"start":{"line":129,"column":16},"end":{"line":129,"column":16},"skip":true},{"start":{"line":129,"column":16},"end":{"line":129,"column":16},"skip":true}]},"16":{"line":134,"type":"cond-expr","locations":[{"start":{"line":135,"column":26},"end":{"line":135,"column":29},"skip":true},{"start":{"line":136,"column":26},"end":{"line":136,"column":54},"skip":true}]},"17":{"line":164,"type":"binary-expr","locations":[{"start":{"line":164,"column":27},"end":{"line":164,"column":43},"skip":true},{"start":{"line":164,"column":47},"end":{"line":164,"column":49},"skip":true}]},"18":{"line":258,"type":"if","locations":[{"start":{"line":258,"column":8},"end":{"line":258,"column":8},"skip":true},{"start":{"line":258,"column":8},"end":{"line":258,"column":8},"skip":true}]},"19":{"line":275,"type":"switch","locations":[{"start":{"line":276,"column":20},"end":{"line":277,"column":64},"skip":true},{"start":{"line":278,"column":20},"end":{"line":279,"column":40},"skip":true},{"start":{"line":280,"column":20},"end":{"line":281,"column":40},"skip":true},{"start":{"line":282,"column":20},"end":{"line":283,"column":39},"skip":true}]},"20":{"line":288,"type":"if","locations":[{"start":{"line":288,"column":8},"end":{"line":288,"column":8},"skip":true},{"start":{"line":288,"column":8},"end":{"line":288,"column":8},"skip":true}]},"21":{"line":288,"type":"binary-expr","locations":[{"start":{"line":288,"column":12},"end":{"line":288,"column":40},"skip":true},{"start":{"line":288,"column":44},"end":{"line":288,"column":67},"skip":true}]},"22":{"line":292,"type":"binary-expr","locations":[{"start":{"line":292,"column":12},"end":{"line":292,"column":50},"skip":true},{"start":{"line":293,"column":12},"end":{"line":293,"column":53},"skip":true}]},"23":{"line":297,"type":"binary-expr","locations":[{"start":{"line":297,"column":12},"end":{"line":297,"column":68},"skip":true},{"start":{"line":298,"column":12},"end":{"line":301,"column":36},"skip":true}]},"24":{"line":303,"type":"binary-expr","locations":[{"start":{"line":303,"column":43},"end":{"line":303,"column":75},"skip":true},{"start":{"line":303,"column":79},"end":{"line":303,"column":81},"skip":true}]},"25":{"line":306,"type":"if","locations":[{"start":{"line":306,"column":8},"end":{"line":306,"column":8},"skip":true},{"start":{"line":306,"column":8},"end":{"line":306,"column":8},"skip":true}]},"26":{"line":310,"type":"if","locations":[{"start":{"line":310,"column":8},"end":{"line":310,"column":8},"skip":true},{"start":{"line":310,"column":8},"end":{"line":310,"column":8},"skip":true}]},"27":{"line":313,"type":"binary-expr","locations":[{"start":{"line":313,"column":27},"end":{"line":313,"column":43},"skip":true},{"start":{"line":313,"column":47},"end":{"line":313,"column":53},"skip":true}]},"28":{"line":317,"type":"if","locations":[{"start":{"line":317,"column":12},"end":{"line":317,"column":12},"skip":true},{"start":{"line":317,"column":12},"end":{"line":317,"column":12},"skip":true}]}},"code":["/*","example.js","","quickstart example","","instruction","    1. save this script as example.js","    2. run the shell command:","        $ npm install npmtest-grunt-bake && PORT=8081 node example.js","    3. play with the browser-demo on http://127.0.0.1:8081","*/","","","","/* istanbul instrument in package npmtest_grunt_bake */","/*jslint","    bitwise: true,","    browser: true,","    maxerr: 8,","    maxlen: 96,","    node: true,","    nomen: true,","    regexp: true,","    stupid: true","*/","(function () {","    'use strict';","    var local;","","","","    // run shared js-env code - pre-init","    (function () {","        // init local","        local = {};","        // init modeJs","        local.modeJs = (function () {","            try {","                return typeof navigator.userAgent === 'string' &&","                    typeof document.querySelector('body') === 'object' &&","                    typeof XMLHttpRequest.prototype.open === 'function' &&","                    'browser';","            } catch (errorCaughtBrowser) {","                return module.exports &&","                    typeof process.versions.node === 'string' &&","                    typeof require('http').createServer === 'function' &&","                    'node';","            }","        }());","        // init global","        local.global = local.modeJs === 'browser'","            ? window","            : global;","        // init utility2_rollup","        local = local.global.utility2_rollup || (local.modeJs === 'browser'","            ? local.global.utility2_npmtest_grunt_bake","            : global.utility2_moduleExports);","        // export local","        local.global.local = local;","    }());","    switch (local.modeJs) {","","","","    // post-init","    // run browser js-env code - post-init","    /* istanbul ignore next */","    case 'browser':","        local.testRunBrowser = function (event) {","            if (!event || (event &&","                    event.currentTarget &&","                    event.currentTarget.className &&","                    event.currentTarget.className.includes &&","                    event.currentTarget.className.includes('onreset'))) {","                // reset output","                Array.from(","                    document.querySelectorAll('body > .resettable')","                ).forEach(function (element) {","                    switch (element.tagName) {","                    case 'INPUT':","                    case 'TEXTAREA':","                        element.value = '';","                        break;","                    default:","                        element.textContent = '';","                    }","                });","            }","            switch (event && event.currentTarget && event.currentTarget.id) {","            case 'testRunButton1':","                // show tests","                if (document.querySelector('#testReportDiv1').style.display === 'none') {","                    document.querySelector('#testReportDiv1').style.display = 'block';","                    document.querySelector('#testRunButton1').textContent =","                        'hide internal test';","                    local.modeTest = true;","                    local.testRunDefault(local);","                // hide tests","                } else {","                    document.querySelector('#testReportDiv1').style.display = 'none';","                    document.querySelector('#testRunButton1').textContent = 'run internal test';","                }","                break;","            // custom-case","            default:","                break;","            }","            if (document.querySelector('#inputTextareaEval1') && (!event || (event &&","                    event.currentTarget &&","                    event.currentTarget.className &&","                    event.currentTarget.className.includes &&","                    event.currentTarget.className.includes('oneval')))) {","                // try to eval input-code","                try {","                    /*jslint evil: true*/","                    eval(document.querySelector('#inputTextareaEval1').value);","                } catch (errorCaught) {","                    console.error(errorCaught);","                }","            }","        };","        // log stderr and stdout to #outputTextareaStdout1","        ['error', 'log'].forEach(function (key) {","            console[key + '_original'] = console[key];","            console[key] = function () {","                var element;","                console[key + '_original'].apply(console, arguments);","                element = document.querySelector('#outputTextareaStdout1');","                if (!element) {","                    return;","                }","                // append text to #outputTextareaStdout1","                element.value += Array.from(arguments).map(function (arg) {","                    return typeof arg === 'string'","                        ? arg","                        : JSON.stringify(arg, null, 4);","                }).join(' ') + '\\n';","                // scroll textarea to bottom","                element.scrollTop = element.scrollHeight;","            };","        });","        // init event-handling","        ['change', 'click', 'keyup'].forEach(function (event) {","            Array.from(document.querySelectorAll('.on' + event)).forEach(function (element) {","                element.addEventListener(event, local.testRunBrowser);","            });","        });","        // run tests","        local.testRunBrowser();","        break;","","","","    // run node js-env code - post-init","    /* istanbul ignore next */","    case 'node':","        // export local","        module.exports = local;","        // require modules","        local.fs = require('fs');","        local.http = require('http');","        local.url = require('url');","        // init assets","        local.assetsDict = local.assetsDict || {};","        /* jslint-ignore-begin */","        local.assetsDict['/assets.index.template.html'] = '\\","<!doctype html>\\n\\","<html lang=\"en\">\\n\\","<head>\\n\\","<meta charset=\"UTF-8\">\\n\\","<meta name=\"viewport\" content=\"width=device-width, initial-scale=1\">\\n\\","<title>{{env.npm_package_name}} (v{{env.npm_package_version}})</title>\\n\\","<style>\\n\\","/*csslint\\n\\","    box-sizing: false,\\n\\","    universal-selector: false\\n\\","*/\\n\\","* {\\n\\","    box-sizing: border-box;\\n\\","}\\n\\","body {\\n\\","    background: #dde;\\n\\","    font-family: Arial, Helvetica, sans-serif;\\n\\","    margin: 2rem;\\n\\","}\\n\\","body > * {\\n\\","    margin-bottom: 1rem;\\n\\","}\\n\\",".utility2FooterDiv {\\n\\","    margin-top: 20px;\\n\\","    text-align: center;\\n\\","}\\n\\","</style>\\n\\","<style>\\n\\","/*csslint\\n\\","*/\\n\\","textarea {\\n\\","    font-family: monospace;\\n\\","    height: 10rem;\\n\\","    width: 100%;\\n\\","}\\n\\","textarea[readonly] {\\n\\","    background: #ddd;\\n\\","}\\n\\","</style>\\n\\","</head>\\n\\","<body>\\n\\","<!-- utility2-comment\\n\\","<div id=\"ajaxProgressDiv1\" style=\"background: #d00; height: 2px; left: 0; margin: 0; padding: 0; position: fixed; top: 0; transition: background 0.5s, width 1.5s; width: 25%;\"></div>\\n\\","utility2-comment -->\\n\\","<h1>\\n\\","<!-- utility2-comment\\n\\","    <a\\n\\","        {{#if env.npm_package_homepage}}\\n\\","        href=\"{{env.npm_package_homepage}}\"\\n\\","        {{/if env.npm_package_homepage}}\\n\\","        target=\"_blank\"\\n\\","    >\\n\\","utility2-comment -->\\n\\","        {{env.npm_package_name}} (v{{env.npm_package_version}})\\n\\","<!-- utility2-comment\\n\\","    </a>\\n\\","utility2-comment -->\\n\\","</h1>\\n\\","<h3>{{env.npm_package_description}}</h3>\\n\\","<!-- utility2-comment\\n\\","<h4><a download href=\"assets.app.js\">download standalone app</a></h4>\\n\\","<button class=\"onclick onreset\" id=\"testRunButton1\">run internal test</button><br>\\n\\","<div id=\"testReportDiv1\" style=\"display: none;\"></div>\\n\\","utility2-comment -->\\n\\","\\n\\","\\n\\","\\n\\","<label>stderr and stdout</label>\\n\\","<textarea class=\"resettable\" id=\"outputTextareaStdout1\" readonly></textarea>\\n\\","<!-- utility2-comment\\n\\","{{#if isRollup}}\\n\\","<script src=\"assets.app.js\"></script>\\n\\","{{#unless isRollup}}\\n\\","utility2-comment -->\\n\\","<script src=\"assets.utility2.rollup.js\"></script>\\n\\","<script src=\"jsonp.utility2._stateInit?callback=window.utility2._stateInit\"></script>\\n\\","<script src=\"assets.npmtest_grunt_bake.rollup.js\"></script>\\n\\","<script src=\"assets.example.js\"></script>\\n\\","<script src=\"assets.test.js\"></script>\\n\\","<!-- utility2-comment\\n\\","{{/if isRollup}}\\n\\","utility2-comment -->\\n\\","<div class=\"utility2FooterDiv\">\\n\\","    [ this app was created with\\n\\","    <a href=\"https://github.com/kaizhu256/node-utility2\" target=\"_blank\">utility2</a>\\n\\","    ]\\n\\","</div>\\n\\","</body>\\n\\","</html>\\n\\","';","        /* jslint-ignore-end */","        if (local.templateRender) {","            local.assetsDict['/'] = local.templateRender(","                local.assetsDict['/assets.index.template.html'],","                {","                    env: local.objectSetDefault(local.env, {","                        npm_package_description: 'the greatest app in the world!',","                        npm_package_name: 'my-app',","                        npm_package_nameAlias: 'my_app',","                        npm_package_version: '0.0.1'","                    })","                }","            );","        } else {","            local.assetsDict['/'] = local.assetsDict['/assets.index.template.html']","                .replace((/\\{\\{env\\.(\\w+?)\\}\\}/g), function (match0, match1) {","                    // jslint-hack","                    String(match0);","                    switch (match1) {","                    case 'npm_package_description':","                        return 'the greatest app in the world!';","                    case 'npm_package_name':","                        return 'my-app';","                    case 'npm_package_nameAlias':","                        return 'my_app';","                    case 'npm_package_version':","                        return '0.0.1';","                    }","                });","        }","        // run the cli","        if (local.global.utility2_rollup || module !== require.main) {","            break;","        }","        local.assetsDict['/assets.example.js'] =","            local.assetsDict['/assets.example.js'] ||","            local.fs.readFileSync(__filename, 'utf8');","        // bug-workaround - long $npm_package_buildCustomOrg","        /* jslint-ignore-begin */","        local.assetsDict['/assets.npmtest_grunt_bake.rollup.js'] =","            local.assetsDict['/assets.npmtest_grunt_bake.rollup.js'] ||","            local.fs.readFileSync(","                local.npmtest_grunt_bake.__dirname + '/lib.npmtest_grunt_bake.js',","                'utf8'","            ).replace((/^#!/), '//');","        /* jslint-ignore-end */","        local.assetsDict['/favicon.ico'] = local.assetsDict['/favicon.ico'] || '';","        // if $npm_config_timeout_exit exists,","        // then exit this process after $npm_config_timeout_exit ms","        if (Number(process.env.npm_config_timeout_exit)) {","            setTimeout(process.exit, Number(process.env.npm_config_timeout_exit));","        }","        // start server","        if (local.global.utility2_serverHttp1) {","            break;","        }","        process.env.PORT = process.env.PORT || '8081';","        console.error('server starting on port ' + process.env.PORT);","        local.http.createServer(function (request, response) {","            request.urlParsed = local.url.parse(request.url);","            if (local.assetsDict[request.urlParsed.pathname] !== undefined) {","                response.end(local.assetsDict[request.urlParsed.pathname]);","                return;","            }","            response.statusCode = 404;","            response.end();","        }).listen(process.env.PORT);","        break;","    }","}());",""],"l":{"26":2,"28":2,"33":2,"35":2,"37":2,"38":2,"39":2,"44":1,"51":2,"55":2,"59":2,"61":2,"69":1,"70":2,"76":2,"79":2,"82":2,"83":2,"85":1,"89":2,"92":1,"93":1,"94":1,"96":1,"97":1,"100":1,"101":1,"103":1,"106":1,"108":2,"114":1,"116":1,"118":1,"123":1,"124":2,"125":2,"126":3,"127":3,"128":3,"129":3,"130":1,"133":3,"134":3,"139":3,"143":1,"144":3,"145":1,"149":1,"150":1,"158":1,"160":1,"161":1,"162":1,"164":1,"166":1,"258":1,"259":1,"271":1,"274":6,"275":6,"277":1,"279":2,"281":1,"283":2,"288":1,"289":1,"291":1,"296":1,"303":1,"306":1,"307":1,"310":1,"311":1,"313":1,"314":1,"315":1,"316":1,"317":1,"318":1,"319":1,"321":1,"322":1,"324":1}},"/home/travis/build/npmtest/node-npmtest-grunt-bake/node_modules/grunt-bake/Gruntfile.js":{"path":"/home/travis/build/npmtest/node-npmtest-grunt-bake/node_modules/grunt-bake/Gruntfile.js","s":{"1":1,"2":0,"3":0,"4":1,"5":0,"6":0,"7":0,"8":0,"9":0,"10":0,"11":0,"12":0,"13":0,"14":0,"15":0,"16":0,"17":0,"18":0,"19":0,"20":0,"21":0,"22":0,"23":0,"24":0,"25":0,"26":0,"27":0,"28":0,"29":0,"30":0,"31":0,"32":0,"33":0,"34":0,"35":0,"36":0,"37":0,"38":0},"b":{"1":[0,0],"2":[0,0]},"f":{"1":0,"2":0,"3":0,"4":0,"5":0,"6":0,"7":0,"8":0,"9":0,"10":0,"11":0,"12":0,"13":0,"14":0,"15":0,"16":0,"17":0,"18":0,"19":0,"20":0,"21":0},"fnMap":{"1":{"name":"parseFunction","line":10,"loc":{"start":{"line":10,"column":0},"end":{"line":10,"column":33}}},"2":{"name":"(anonymous_2)","line":11,"loc":{"start":{"line":11,"column":54},"end":{"line":11,"column":65}}},"3":{"name":"(anonymous_3)","line":16,"loc":{"start":{"line":16,"column":17},"end":{"line":16,"column":33}}},"4":{"name":"(anonymous_4)","line":222,"loc":{"start":{"line":222,"column":19},"end":{"line":222,"column":37}}},"5":{"name":"(anonymous_5)","line":290,"loc":{"start":{"line":290,"column":14},"end":{"line":290,"column":25}}},"6":{"name":"(anonymous_6)","line":293,"loc":{"start":{"line":293,"column":35},"end":{"line":293,"column":52}}},"7":{"name":"(anonymous_7)","line":314,"loc":{"start":{"line":314,"column":12},"end":{"line":314,"column":31}}},"8":{"name":"(anonymous_8)","line":331,"loc":{"start":{"line":331,"column":13},"end":{"line":331,"column":32}}},"9":{"name":"(anonymous_9)","line":356,"loc":{"start":{"line":356,"column":14},"end":{"line":356,"column":40}}},"10":{"name":"(anonymous_10)","line":359,"loc":{"start":{"line":359,"column":15},"end":{"line":359,"column":57}}},"11":{"name":"(anonymous_11)","line":362,"loc":{"start":{"line":362,"column":11},"end":{"line":362,"column":36}}},"12":{"name":"(anonymous_12)","line":365,"loc":{"start":{"line":365,"column":12},"end":{"line":365,"column":36}}},"13":{"name":"(anonymous_13)","line":382,"loc":{"start":{"line":382,"column":13},"end":{"line":382,"column":32}}},"14":{"name":"(anonymous_14)","line":385,"loc":{"start":{"line":385,"column":13},"end":{"line":385,"column":32}}},"15":{"name":"(anonymous_15)","line":406,"loc":{"start":{"line":406,"column":13},"end":{"line":406,"column":32}}},"16":{"name":"(anonymous_16)","line":422,"loc":{"start":{"line":422,"column":11},"end":{"line":422,"column":36}}},"17":{"name":"(anonymous_17)","line":439,"loc":{"start":{"line":439,"column":13},"end":{"line":439,"column":32}}},"18":{"name":"(anonymous_18)","line":517,"loc":{"start":{"line":517,"column":17},"end":{"line":517,"column":36}}},"19":{"name":"(anonymous_19)","line":563,"loc":{"start":{"line":563,"column":30},"end":{"line":563,"column":41}}},"20":{"name":"(anonymous_20)","line":566,"loc":{"start":{"line":566,"column":13},"end":{"line":566,"column":24}}},"21":{"name":"(anonymous_21)","line":571,"loc":{"start":{"line":571,"column":33},"end":{"line":571,"column":44}}}},"statementMap":{"1":{"start":{"line":10,"column":0},"end":{"line":14,"column":1}},"2":{"start":{"line":11,"column":1},"end":{"line":13,"column":5}},"3":{"start":{"line":12,"column":2},"end":{"line":12,"column":12}},"4":{"start":{"line":16,"column":0},"end":{"line":574,"column":2}},"5":{"start":{"line":18,"column":1},"end":{"line":545,"column":5}},"6":{"start":{"line":223,"column":7},"end":{"line":223,"column":45}},"7":{"start":{"line":291,"column":6},"end":{"line":291,"column":69}},"8":{"start":{"line":293,"column":6},"end":{"line":297,"column":10}},"9":{"start":{"line":294,"column":7},"end":{"line":294,"column":59}},"10":{"start":{"line":296,"column":7},"end":{"line":296,"column":19}},"11":{"start":{"line":299,"column":6},"end":{"line":299,"column":18}},"12":{"start":{"line":315,"column":7},"end":{"line":315,"column":21}},"13":{"start":{"line":332,"column":7},"end":{"line":332,"column":45}},"14":{"start":{"line":357,"column":7},"end":{"line":357,"column":77}},"15":{"start":{"line":360,"column":7},"end":{"line":360,"column":64}},"16":{"start":{"line":363,"column":7},"end":{"line":363,"column":38}},"17":{"start":{"line":366,"column":7},"end":{"line":366,"column":33}},"18":{"start":{"line":383,"column":7},"end":{"line":383,"column":65}},"19":{"start":{"line":386,"column":7},"end":{"line":386,"column":45}},"20":{"start":{"line":407,"column":7},"end":{"line":407,"column":45}},"21":{"start":{"line":423,"column":7},"end":{"line":423,"column":48}},"22":{"start":{"line":440,"column":7},"end":{"line":440,"column":45}},"23":{"start":{"line":518,"column":7},"end":{"line":518,"column":45}},"24":{"start":{"line":547,"column":1},"end":{"line":547,"column":28}},"25":{"start":{"line":549,"column":1},"end":{"line":549,"column":46}},"26":{"start":{"line":550,"column":1},"end":{"line":550,"column":45}},"27":{"start":{"line":551,"column":1},"end":{"line":551,"column":48}},"28":{"start":{"line":552,"column":1},"end":{"line":552,"column":45}},"29":{"start":{"line":553,"column":1},"end":{"line":553,"column":40}},"30":{"start":{"line":555,"column":1},"end":{"line":555,"column":84}},"31":{"start":{"line":556,"column":1},"end":{"line":556,"column":67}},"32":{"start":{"line":561,"column":1},"end":{"line":561,"column":17}},"33":{"start":{"line":563,"column":1},"end":{"line":569,"column":5}},"34":{"start":{"line":564,"column":2},"end":{"line":564,"column":25}},"35":{"start":{"line":566,"column":2},"end":{"line":568,"column":4}},"36":{"start":{"line":567,"column":3},"end":{"line":567,"column":20}},"37":{"start":{"line":571,"column":1},"end":{"line":573,"column":5}},"38":{"start":{"line":572,"column":2},"end":{"line":572,"column":25}}},"branchMap":{"1":{"line":223,"type":"cond-expr","locations":[{"start":{"line":223,"column":22},"end":{"line":223,"column":31}},{"start":{"line":223,"column":34},"end":{"line":223,"column":44}}]},"2":{"line":423,"type":"binary-expr","locations":[{"start":{"line":423,"column":16},"end":{"line":423,"column":21}},{"start":{"line":423,"column":25},"end":{"line":423,"column":27}}]}},"code":["/*"," * grunt-bake"," *"," * Copyright (c) 2013 Mathias Paumgarten"," * Licensed under the MIT license."," */","","\"use strict\";","","function parseFunction( source ) {","\treturn source.replace( /\\{\\{\\s?([\\.\\-\\w]*)\\s?\\}\\}/g, function() {","\t\treturn \"\";","\t} );","}","","module.exports = function(grunt) {","","\tgrunt.initConfig( {","\t\tjshint: {","\t\t\tall: [","\t\t\t\t\"Gruntfile.js\",","\t\t\t\t\"tasks/*.js\",","\t\t\t\t\"<%= nodeunit.tests %>\",","\t\t\t],","\t\t\toptions: {","\t\t\t\tjshintrc: \".jshintrc\",","\t\t\t},","\t\t},","","\t\tjsonlint: {","\t\t\tconfig: {","\t\t\t\tsrc: [ \"package.json\" ]","\t\t\t}","\t\t},","","\t\tclean: [ \"tmp\" ],","","\t\tnodeunit: {","\t\t\ttests: [ \"test/*_test.js\" ],","\t\t},","","\t\twatch: {","\t\t\tjshint: {","\t\t\t\tfiles: [","\t\t\t\t\t\"Gruntfile.js\",","\t\t\t\t\t\"tasks/*.js\",","\t\t\t\t\t\"<%= nodeunit.tests %>\",","\t\t\t\t],","\t\t\t\ttasks: [ \"jshint\" ]","\t\t\t},","\t\t\tjsonlint: {","\t\t\t\tfiles: [ \"package.json\" ],","\t\t\t\ttasks: [ \"jsonlint\" ]","\t\t\t},","\t\t\ttest: {","\t\t\t\tfiles: [","\t\t\t\t\t\"tasks/*.js\",","\t\t\t\t\t\"<%= nodeunit.tests %>\",","\t\t\t\t],","\t\t\t\ttasks: [ \"jshint\", \"test\" ]","\t\t\t}","\t\t},","","\t\tbake: {","","\t\t\tdefault_bake: {","\t\t\t\tfiles: {","\t\t\t\t\t\"tmp/default_bake.html\": \"test/fixtures/default_bake.html\"","\t\t\t\t},","\t\t\t},","","\t\t\tadvanced_bake: {","\t\t\t\toptions: {","\t\t\t\t\tcontent: \"test/fixtures/content.json\",","\t\t\t\t\tsection: \"en\"","\t\t\t\t},","","\t\t\t\tfiles: {","\t\t\t\t\t\"tmp/advanced_bake.html\": \"test/fixtures/advanced_bake.html\"","\t\t\t\t}","\t\t\t},","","\t\t\tadvanced_bake_multi: {","\t\t\t\toptions: {","\t\t\t\t\tcontent: \"test/fixtures/content.json\",","\t\t\t\t\tsection: \"en\"","\t\t\t\t},","","\t\t\t\tfiles: {","\t\t\t\t\t\"tmp/advanced_bake_multi_one.html\": \"test/fixtures/advanced_bake_multi_one.html\",","\t\t\t\t\t\"tmp/advanced_bake_multi_two.html\": \"test/fixtures/advanced_bake_multi_two.html\"","\t\t\t\t}","\t\t\t},","","\t\t\tobject_bake: {","\t\t\t\toptions: {","\t\t\t\t\tcontent: {","\t\t\t\t\t\t\"title\": \"A Title\",","\t\t\t\t\t\t\"info\": {","\t\t\t\t\t\t\t\"author\": \"Mike\"","\t\t\t\t\t\t}","\t\t\t\t\t}","\t\t\t\t},","","\t\t\t\tfiles: {","\t\t\t\t\t\"tmp/object_bake.html\": \"test/fixtures/advanced_bake.html\"","\t\t\t\t}","\t\t\t},","","\t\t\tcostum_process_bake: {","\t\t\t\toptions: {","\t\t\t\t\tcontent: \"test/fixtures/content.json\",","\t\t\t\t\tsection: \"de\",","\t\t\t\t\tprocess: parseFunction","\t\t\t\t},","","\t\t\t\tfiles: {","\t\t\t\t\t\"tmp/costum_process_bake.html\": \"test/fixtures/advanced_bake.html\"","\t\t\t\t}","\t\t\t},","","\t\t\trecursive_bake: {","\t\t\t\toptions: {","\t\t\t\t\tcontent: \"test/fixtures/content.json\",","\t\t\t\t\tsection: \"en\",","\t\t\t\t},","","\t\t\t\tfiles: {","\t\t\t\t\t\"tmp/recursive_bake.html\": \"test/fixtures/recursive_bake.html\"","\t\t\t\t}","\t\t\t},","","\t\t\tinline_recursive_bake: {","\t\t\t\toptions: {","\t\t\t\t\tcontent: \"test/fixtures/content.json\"","\t\t\t\t},","","\t\t\t\tfiles: {","\t\t\t\t\t\"tmp/inline_recursive_bake.html\": \"test/fixtures/inline_recursive_bake.html\"","\t\t\t\t}","\t\t\t},","","\t\t\tinline_bake: {","\t\t\t\toptions: {","\t\t\t\t\tcontent: \"test/fixtures/content.json\",","\t\t\t\t\tsection: \"en\"","\t\t\t\t},","","\t\t\t\tfiles: {","\t\t\t\t\t\"tmp/inline_bake.html\": \"test/fixtures/inline_bake.html\"","\t\t\t\t}","\t\t\t},","","\t\t\tabsolute_path_bake: {","\t\t\t\toptions: {","\t\t\t\t\tbasePath: \"test/fixtures/includes\"","\t\t\t\t},","","\t\t\t\tfiles: {","\t\t\t\t\t\"tmp/absolute_path_bake.html\": \"test/fixtures/absolute_path_bake.html\"","\t\t\t\t}","\t\t\t},","","\t\t\tdefault_absolute_path_bake: {","\t\t\t\tfiles: {","\t\t\t\t\t\"tmp/default_absolute_path_bake.html\": \"test/fixtures/default_absolute_path_bake.html\"","\t\t\t\t}","\t\t\t},","","\t\t\tif_bake: {","\t\t\t\toptions: {","\t\t\t\t\tcontent: \"test/fixtures/content.json\",","\t\t\t\t\tsection: \"en\"","\t\t\t\t},","","\t\t\t\tfiles: {","\t\t\t\t\t\"tmp/if_bake.html\": \"test/fixtures/if_bake.html\"","\t\t\t\t}","\t\t\t},","","\t\t\tsemantic_if: {","\t\t\t\toptions: {","\t\t\t\t\tsemanticIf: true","\t\t\t\t},","","\t\t\t\tfiles: {","\t\t\t\t\t\"tmp/semantic_if.html\": \"test/fixtures/semantic_if.html\"","\t\t\t\t}","\t\t\t},","","\t\t\tformat_bake: {","\t\t\t\tfiles: {","\t\t\t\t\t\"tmp/format_bake.html\": \"test/fixtures/format_bake.html\"","\t\t\t\t}","\t\t\t},","","\t\t\tforeach_bake: {","\t\t\t\toptions: {","\t\t\t\t\tcontent: \"test/fixtures/content.json\",","\t\t\t\t\tsection: \"en\"","\t\t\t\t},","","\t\t\t\tfiles: {","\t\t\t\t\t\"tmp/foreach_bake.html\": \"test/fixtures/foreach_bake.html\"","\t\t\t\t}","\t\t\t},","","\t\t\tforeach_inline_bake: {","\t\t\t\toptions: {","\t\t\t\t\tcontent: \"test/fixtures/content.json\",","\t\t\t\t\tsection: \"en\"","\t\t\t\t},","","\t\t\t\tfiles: {","\t\t\t\t\t\"tmp/foreach-inline_bake.html\": \"test/fixtures/foreach-inline_bake.html\"","\t\t\t\t}","\t\t\t},","","\t\t\tforeach_meta: {","\t\t\t\toptions: {","\t\t\t\t\ttransforms: {","\t\t\t\t\t\tvisibleBool: function( state ) {","\t\t\t\t\t\t\treturn state ? \"is true\" : \"is false\";","\t\t\t\t\t\t}","\t\t\t\t\t}","\t\t\t\t},","\t\t\t\tfiles: {","\t\t\t\t\t\"tmp/foreach_meta.html\": \"test/fixtures/foreach_meta.html\"","\t\t\t\t}","\t\t\t},","","\t\t\tno_process_bake: {","\t\t\t\toptions: {","\t\t\t\t\tprocess: false","\t\t\t\t},","","\t\t\t\tfiles: {","\t\t\t\t\t\"tmp/no_process_bake.html\": \"test/fixtures/no_process_bake.html\"","\t\t\t\t}","\t\t\t},","","\t\t\tsection_bake: {","\t\t\t\toptions: {","\t\t\t\t\tcontent: {","\t\t\t\t\t\thome: {","\t\t\t\t\t\t\ttitle: \"Home\"","\t\t\t\t\t\t},","\t\t\t\t\t\tabout: {","\t\t\t\t\t\t\ttitle: \"About\"","\t\t\t\t\t\t},","\t\t\t\t\t\tbooks: {","\t\t\t\t\t\t\ttheDarkTower: {","\t\t\t\t\t\t\t\tauthor: \"Stephen King\",","\t\t\t\t\t\t\t\ttitle: \"The Dark Tower\"","\t\t\t\t\t\t\t}","\t\t\t\t\t\t}","\t\t\t\t\t}","\t\t\t\t},","","\t\t\t\tfiles: {","\t\t\t\t\t\"tmp/section_bake.html\": \"test/fixtures/section_bake.html\"","\t\t\t\t}","\t\t\t},","","\t\t\trender_bake: {","\t\t\t\toptions: {","\t\t\t\t\tfoo: false,","\t\t\t\t\tbar: true","\t\t\t\t},","","\t\t\t\tfiles: {","\t\t\t\t\t\"tmp/render_bake.html\": \"test/fixtures/render_bake.html\"","\t\t\t\t}","\t\t\t},","","\t\t\thtml_include_bake: {","\t\t\t\toptions: {","\t\t\t\t\tcontent: {","\t\t\t\t\t\tfoo: \"<span>Foo</span>\"","\t\t\t\t\t}","\t\t\t\t},","","\t\t\t\tfiles: {","\t\t\t\t\t\"tmp/html_include_bake.html\": \"test/fixtures/html_include_bake.html\"","\t\t\t\t}","\t\t\t},","","\t\t\tfunction_content_bake: {","\t\t\t\toptions: {","\t\t\t\t\tcontent: function() {","\t\t\t\t\t\tvar data = grunt.file.readJSON( \"test/fixtures/content.json\" );","","\t\t\t\t\t\tdata.rooms = data.rooms.map( function( room ) {","\t\t\t\t\t\t\troom.volume = room.width * room.depth * room.height;","","\t\t\t\t\t\t\treturn room;","\t\t\t\t\t\t} );","","\t\t\t\t\t\treturn data;","\t\t\t\t\t}","\t\t\t\t},","","\t\t\t\tfiles: {","\t\t\t\t\t\"tmp/function_content_bake.html\": \"test/fixtures/function_content_bake.html\"","\t\t\t\t}","\t\t\t},","","\t\t\ttransform_pass_through: {","\t\t\t\toptions: {","\t\t\t\t\tcontent: {","\t\t\t\t\t\tcontent: \"Hallo Welt!\"","\t\t\t\t\t},","\t\t\t\t\ttransforms: {","\t\t\t\t\t\tnoop: function( string ) {","\t\t\t\t\t\t\treturn string;","\t\t\t\t\t\t}","\t\t\t\t\t}","\t\t\t\t},","","\t\t\t\tfiles: {","\t\t\t\t\t\"tmp/transform_pass_through.html\": \"test/fixtures/transform_pass_through.html\"","\t\t\t\t}","\t\t\t},","","\t\t\ttransform_single: {","\t\t\t\toptions: {","\t\t\t\t\tcontent: {","\t\t\t\t\t\tcontent: \"Hallo Welt!\"","\t\t\t\t\t},","\t\t\t\t\ttransforms: {","\t\t\t\t\t\tupper: function( string ) {","\t\t\t\t\t\t\treturn String( string ).toUpperCase();","\t\t\t\t\t\t}","\t\t\t\t\t}","\t\t\t\t},","","\t\t\t\tfiles: {","\t\t\t\t\t\"tmp/transform_single.html\": \"test/fixtures/transform_single.html\"","\t\t\t\t}","\t\t\t},","","\t\t\ttransform_params: {","\t\t\t\toptions: {","\t\t\t\t\tcontent: {","\t\t\t\t\t\tcontent: {","\t\t\t\t\t\t\t\"string\": \"Bake\",","\t\t\t\t\t\t\t\"array\": [","\t\t\t\t\t\t\t\t\"Jim\",","\t\t\t\t\t\t\t\t\"John\",","\t\t\t\t\t\t\t\t\"James\",","\t\t\t\t\t\t\t\t\"Jonathan\"","\t\t\t\t\t\t\t]","\t\t\t\t\t\t}","\t\t\t\t\t},","\t\t\t\t\ttransforms: {","\t\t\t\t\t\trepeat: function( string, times ) {","\t\t\t\t\t\t\treturn new Array( parseInt( times, 10) + 1 ).join( String( string ) );","\t\t\t\t\t\t},","\t\t\t\t\t\treplace: function( string, searchvalue, newvalue ) {","\t\t\t\t\t\t\treturn String( string ).replace( searchvalue, newvalue );","\t\t\t\t\t\t},","\t\t\t\t\t\tmax: function( array, limit ) {","\t\t\t\t\t\t\treturn array.slice( 0, limit );","\t\t\t\t\t\t},","\t\t\t\t\t\tjoin: function( array, glue ) {","\t\t\t\t\t\t\treturn array.join( glue );","\t\t\t\t\t\t}","\t\t\t\t\t}","\t\t\t\t},","","\t\t\t\tfiles: {","\t\t\t\t\t\"tmp/transform_params.html\": \"test/fixtures/transform_params.html\"","\t\t\t\t}","\t\t\t},","","\t\t\ttransform_multiple: {","\t\t\t\toptions: {","\t\t\t\t\tcontent: {","\t\t\t\t\t\tcontent: \"Hallo\\nWelt!\"","\t\t\t\t\t},","\t\t\t\t\ttransforms: {","\t\t\t\t\t\tnl2br: function( string ) {","\t\t\t\t\t\t\treturn String( string ).replace( /([\\r\\n]+)/g, \"<br />\" );","\t\t\t\t\t\t},","\t\t\t\t\t\tupper: function( string ) {","\t\t\t\t\t\t\treturn String( string ).toUpperCase();","\t\t\t\t\t\t}","\t\t\t\t\t}","\t\t\t\t},","","\t\t\t\tfiles: {","\t\t\t\t\t\"tmp/transform_multiple.html\": \"test/fixtures/transform_multiple.html\"","\t\t\t\t}","\t\t\t},","","\t\t\ttransform_deep: {","\t\t\t\toptions: {","\t\t\t\t\tcontent: {","\t\t\t\t\t\tsub: {","\t\t\t\t\t\t\tsub: {","\t\t\t\t\t\t\t\tcontent: \"Hallo Welt!\"","\t\t\t\t\t\t\t}","\t\t\t\t\t\t}","\t\t\t\t\t},","\t\t\t\t\ttransforms: {","\t\t\t\t\t\tupper: function( string ) {","\t\t\t\t\t\t\treturn String( string ).toUpperCase();","\t\t\t\t\t\t}","\t\t\t\t\t}","\t\t\t\t},","","\t\t\t\tfiles: {","\t\t\t\t\t\"tmp/transform_deep.html\": \"test/fixtures/transform_deep.html\"","\t\t\t\t}","\t\t\t},","","\t\t\ttransform_foreach: {","\t\t\t\toptions: {","\t\t\t\t\tcontent: \"test/fixtures/content.json\",","\t\t\t\t\tsection: \"en\",","\t\t\t\t\ttransforms: {","\t\t\t\t\t\tmax: function( array, limit ) {","\t\t\t\t\t\t\treturn ( array || [] ).slice( 0, limit );","\t\t\t\t\t\t}","\t\t\t\t\t}","\t\t\t\t},","","\t\t\t\tfiles: {","\t\t\t\t\t\"tmp/transform_foreach.html\": \"test/fixtures/transform_foreach.html\"","\t\t\t\t}","\t\t\t},","","\t\t\tkeep_undefined_vars: {","\t\t\t\toptions: {","\t\t\t\t\tcontent: {","\t\t\t\t\t\tdefined: \"Hallo Welt!\"","\t\t\t\t\t},","\t\t\t\t\ttransforms: {","\t\t\t\t\t\tupper: function( string ) {","\t\t\t\t\t\t\treturn String( string ).toUpperCase();","\t\t\t\t\t\t}","\t\t\t\t\t},","\t\t\t\t\tremoveUndefined: false","\t\t\t\t},","","\t\t\t\tfiles: {","\t\t\t\t\t\"tmp/keep_undefined_vars.html\": \"test/fixtures/keep_undefined_vars.html\"","\t\t\t\t}","\t\t\t},","","\t\t\tmultiline_bake: {","\t\t\t\tfiles: {","\t\t\t\t\t\"tmp/multiline_bake.html\": \"test/fixtures/multiline_bake.html\"","\t\t\t\t}","\t\t\t},","","\t\t\tvar_as_array_key: {","\t\t\t\toptions: {","\t\t\t\t\tcontent: {","\t\t\t\t\t\t\"pages\": {","\t\t\t\t\t\t\t\"page1\": {","\t\t\t\t\t\t\t\t\"title\": \"Page 1\"","\t\t\t\t\t\t\t},","\t\t\t\t\t\t\t\"page2\": {","\t\t\t\t\t\t\t\t\"title\": \"Page 2\"","\t\t\t\t\t\t\t},","\t\t\t\t\t\t\t\"page3\": {","\t\t\t\t\t\t\t\t\"title\": \"Page 3\"","\t\t\t\t\t\t\t},","\t\t\t\t\t\t\t\"page4\": {","\t\t\t\t\t\t\t\t\"title\": \"Page 4\"","\t\t\t\t\t\t\t},","\t\t\t\t\t\t\t\"page5\": {","\t\t\t\t\t\t\t\t\"title\": \"Page 5\"","\t\t\t\t\t\t\t}","\t\t\t\t\t\t}","\t\t\t\t\t}","\t\t\t\t},","","\t\t\t\tfiles: {","\t\t\t\t\t\"tmp/var_as_array_key.html\": \"test/fixtures/var_as_array_key.html\"","\t\t\t\t}","\t\t\t},","","\t\t\tpath_with_placeholder: {","\t\t\t\toptions: {","\t\t\t\t\tcontent: {","\t\t\t\t\t\tfilename: \"include-one\"","\t\t\t\t\t}","\t\t\t\t},","\t\t\t\tfiles: {","\t\t\t\t\t\"tmp/path_with_placeholder.html\": \"test/fixtures/path_with_placeholder.html\"","\t\t\t\t}","\t\t\t},","","\t\t\trecursive_path_with_placeholder: {","\t\t\t\toptions: {","\t\t\t\t\tcontent: {","\t\t\t\t\t\tfilename: \"include-four.html\"","\t\t\t\t\t}","\t\t\t\t},","\t\t\t\tfiles: {","\t\t\t\t\t\"tmp/recursive_path_with_placeholder.html\": \"test/fixtures/recursive_path_with_placeholder.html\"","\t\t\t\t}","\t\t\t},","","\t\t\textra_bake: {","\t\t\t\tfiles: {","\t\t\t\t\t\"tmp/extra_bake.html\": \"test/fixtures/extra_bake.html\"","\t\t\t\t}","\t\t\t},","","\t\t\textra_bake_multiple: {","\t\t\t\toptions: {","\t\t\t\t\tcontent: \"test/fixtures/content.json\",","\t\t\t\t\ttransforms: {","\t\t\t\t\t\tlowercase: function( string ) {","\t\t\t\t\t\t\treturn String( string ).toLowerCase();","\t\t\t\t\t\t}","\t\t\t\t\t}","\t\t\t\t},","\t\t\t\tfiles: {","\t\t\t\t\t\"tmp/extra_bake_multiple.html\": \"test/fixtures/extra_bake_multiple.html\"","\t\t\t\t}","\t\t\t},","","\t\t\tassign_bake: {","\t\t\t\tfiles: {","\t\t\t\t\t\"tmp/assign_bake.html\": \"test/fixtures/assign_bake.html\"","\t\t\t\t}","\t\t\t},","","\t\t\tinline_no_process: {","\t\t\t\tfiles: {","\t\t\t\t\t\"tmp/inline_no_process.html\": \"test/fixtures/inline_no_process.html\"","\t\t\t\t}","\t\t\t},","","\t\t\tdefault_variables: {","\t\t\t\tfiles: {","\t\t\t\t\t\"tmp/default_variables.html\": \"test/fixtures/default_variables.html\"","\t\t\t\t}","\t\t\t}","\t\t}","\t} );","","\tgrunt.loadTasks( \"tasks\" );","","\tgrunt.loadNpmTasks( \"grunt-contrib-jshint\" );","\tgrunt.loadNpmTasks( \"grunt-contrib-clean\" );","\tgrunt.loadNpmTasks( \"grunt-contrib-nodeunit\" );","\tgrunt.loadNpmTasks( \"grunt-contrib-watch\" );","\tgrunt.loadNpmTasks( \"grunt-jsonlint\" );","","\tgrunt.registerTask( \"test\", [ \"clean\", \"setup\", \"bake\", \"nodeunit\", \"teardown\" ] );","\tgrunt.registerTask( \"default\", [ \"jsonlint\", \"jshint\", \"test\" ] );","","","\t// Stubbing methods for testing purposes. Because we are good little developers","\t// we clean up after ourselves.","\tvar realDateNow;","","\tgrunt.registerTask( \"setup\", function() {","\t\trealDateNow = Date.now;","","\t\tDate.now = function() {","\t\t\treturn 123456789;","\t\t};","\t} );","","\tgrunt.registerTask( \"teardown\", function() {","\t\tDate.now = realDateNow;","\t} );","};",""],"l":{"10":1,"11":0,"12":0,"16":1,"18":0,"223":0,"291":0,"293":0,"294":0,"296":0,"299":0,"315":0,"332":0,"357":0,"360":0,"363":0,"366":0,"383":0,"386":0,"407":0,"423":0,"440":0,"518":0,"547":0,"549":0,"550":0,"551":0,"552":0,"553":0,"555":0,"556":0,"561":0,"563":0,"564":0,"566":0,"567":0,"571":0,"572":0}},"/home/travis/build/npmtest/node-npmtest-grunt-bake/node_modules/grunt-bake/tasks/bake.js":{"path":"/home/travis/build/npmtest/node-npmtest-grunt-bake/node_modules/grunt-bake/tasks/bake.js","s":{"1":1,"2":1,"3":0,"4":0,"5":0,"6":0,"7":0,"8":0,"9":0,"10":0,"11":0,"12":0,"13":0,"14":0,"15":0,"16":0,"17":0,"18":1,"19":0,"20":0,"21":0,"22":0,"23":0,"24":0,"25":0,"26":1,"27":0,"28":0,"29":0,"30":0,"31":0,"32":0,"33":0,"34":0,"35":1,"36":0,"37":0,"38":0,"39":0,"40":0,"41":0,"42":0,"43":0,"44":0,"45":0,"46":0,"47":0,"48":0,"49":0,"50":0,"51":0,"52":0,"53":1,"54":0,"55":0,"56":0,"57":0,"58":1,"59":0,"60":0,"61":0,"62":1,"63":0,"64":1,"65":0,"66":0,"67":0,"68":0,"69":0,"70":1,"71":0,"72":0,"73":0,"74":0,"75":0,"76":0,"77":0,"78":1,"79":0,"80":0,"81":0,"82":1,"83":0,"84":0,"85":0,"86":0,"87":1,"88":0,"89":0,"90":0,"91":0,"92":0,"93":0,"94":0,"95":1,"96":0,"97":0,"98":0,"99":0,"100":0,"101":0,"102":0,"103":0,"104":0,"105":0,"106":0,"107":0,"108":0,"109":0,"110":0,"111":0,"112":0,"113":0,"114":0,"115":0,"116":1,"117":0,"118":0,"119":0,"120":0,"121":0,"122":1,"123":0,"124":0,"125":0,"126":0,"127":0,"128":1,"129":0,"130":0,"131":0,"132":0,"133":0,"134":0,"135":0,"136":1,"137":0,"138":0,"139":0,"140":0,"141":0,"142":0,"143":1,"144":0,"145":0,"146":0,"147":0,"148":0,"149":1,"150":0,"151":0,"152":0,"153":0,"154":0,"155":1,"156":0,"157":0,"158":0,"159":0,"160":1,"161":0,"162":0,"163":0,"164":0,"165":0,"166":0,"167":0,"168":0,"169":0,"170":1,"171":0,"172":0,"173":0,"174":1,"175":0,"176":0,"177":0,"178":0,"179":0,"180":0,"181":0,"182":0,"183":0,"184":0,"185":0,"186":0,"187":0,"188":0,"189":0,"190":0,"191":0,"192":0,"193":0,"194":0,"195":0,"196":0,"197":0,"198":0,"199":0,"200":0,"201":0,"202":0,"203":0,"204":0,"205":0,"206":0,"207":0,"208":0,"209":0,"210":0,"211":0,"212":0,"213":0,"214":0,"215":0,"216":0,"217":0,"218":0,"219":0,"220":0,"221":1,"222":0,"223":0,"224":0,"225":0,"226":0,"227":0,"228":0,"229":0,"230":0,"231":0,"232":0,"233":0,"234":0,"235":0,"236":0,"237":0,"238":0,"239":0,"240":0,"241":0,"242":0,"243":0,"244":1,"245":0,"246":0,"247":0,"248":0,"249":0,"250":0,"251":0,"252":0,"253":0,"254":0,"255":1,"256":0,"257":1,"258":0,"259":0,"260":0,"261":0,"262":0,"263":0,"264":0,"265":0,"266":0,"267":0,"268":0},"b":{"1":[0,0],"2":[0,0],"3":[0,0],"4":[0,0],"5":[0,0],"6":[0,0],"7":[0,0],"8":[0,0],"9":[0,0],"10":[0,0],"11":[0,0],"12":[0,0],"13":[0,0],"14":[0,0],"15":[0,0],"16":[0,0],"17":[0,0],"18":[0,0],"19":[0,0],"20":[0,0],"21":[0,0],"22":[0,0],"23":[0,0],"24":[0,0],"25":[0,0],"26":[0,0],"27":[0,0],"28":[0,0],"29":[0,0],"30":[0,0],"31":[0,0],"32":[0,0],"33":[0,0],"34":[0,0],"35":[0,0],"36":[0,0],"37":[0,0],"38":[0,0],"39":[0,0],"40":[0,0],"41":[0,0],"42":[0,0],"43":[0,0],"44":[0,0],"45":[0,0],"46":[0,0],"47":[0,0],"48":[0,0],"49":[0,0],"50":[0,0],"51":[0,0],"52":[0,0]},"f":{"1":0,"2":0,"3":0,"4":0,"5":0,"6":0,"7":0,"8":0,"9":0,"10":0,"11":0,"12":0,"13":0,"14":0,"15":0,"16":0,"17":0,"18":0,"19":0,"20":0,"21":0,"22":0,"23":0,"24":0,"25":0,"26":0,"27":0,"28":0,"29":0,"30":0,"31":0,"32":0,"33":0,"34":0,"35":0,"36":0,"37":0,"38":0},"fnMap":{"1":{"name":"(anonymous_1)","line":13,"loc":{"start":{"line":13,"column":17},"end":{"line":13,"column":35}}},"2":{"name":"(anonymous_2)","line":15,"loc":{"start":{"line":15,"column":65},"end":{"line":15,"column":76}}},"3":{"name":"defaultProcess","line":70,"loc":{"start":{"line":70,"column":2},"end":{"line":70,"column":47}}},"4":{"name":"(anonymous_4)","line":71,"loc":{"start":{"line":71,"column":50},"end":{"line":71,"column":75}}},"5":{"name":"processPlaceholder","line":86,"loc":{"start":{"line":86,"column":2},"end":{"line":86,"column":53}}},"6":{"name":"(anonymous_6)","line":88,"loc":{"start":{"line":88,"column":62},"end":{"line":88,"column":78}}},"7":{"name":"(anonymous_7)","line":94,"loc":{"start":{"line":94,"column":46},"end":{"line":94,"column":62}}},"8":{"name":"applyTransform","line":111,"loc":{"start":{"line":111,"column":2},"end":{"line":111,"column":48}}},"9":{"name":"checkFile","line":170,"loc":{"start":{"line":170,"column":2},"end":{"line":170,"column":28}}},"10":{"name":"directory","line":181,"loc":{"start":{"line":181,"column":2},"end":{"line":181,"column":29}}},"11":{"name":"filename","line":191,"loc":{"start":{"line":191,"column":2},"end":{"line":191,"column":28}}},"12":{"name":"parseInlineValues","line":197,"loc":{"start":{"line":197,"column":2},"end":{"line":197,"column":39}}},"13":{"name":"parseSignature","line":210,"loc":{"start":{"line":210,"column":2},"end":{"line":210,"column":39}}},"14":{"name":"resolveName","line":237,"loc":{"start":{"line":237,"column":2},"end":{"line":237,"column":39}}},"15":{"name":"(anonymous_15)","line":238,"loc":{"start":{"line":238,"column":51},"end":{"line":238,"column":76}}},"16":{"name":"applyIndent","line":248,"loc":{"start":{"line":248,"column":2},"end":{"line":248,"column":42}}},"17":{"name":"(anonymous_17)","line":255,"loc":{"start":{"line":255,"column":10},"end":{"line":255,"column":27}}},"18":{"name":"getArrayValues","line":265,"loc":{"start":{"line":265,"column":2},"end":{"line":265,"column":44}}},"19":{"name":"validateIf","line":283,"loc":{"start":{"line":283,"column":2},"end":{"line":283,"column":46}}},"20":{"name":"(anonymous_20)","line":292,"loc":{"start":{"line":292,"column":44},"end":{"line":292,"column":71}}},"21":{"name":"validateRender","line":330,"loc":{"start":{"line":330,"column":2},"end":{"line":330,"column":42}}},"22":{"name":"validateSection","line":346,"loc":{"start":{"line":346,"column":2},"end":{"line":346,"column":43}}},"23":{"name":"validateForEach","line":361,"loc":{"start":{"line":361,"column":2},"end":{"line":361,"column":58}}},"24":{"name":"(anonymous_24)","line":369,"loc":{"start":{"line":369,"column":64},"end":{"line":369,"column":82}}},"25":{"name":"validateBake","line":381,"loc":{"start":{"line":381,"column":2},"end":{"line":381,"column":40}}},"26":{"name":"validateAssign","line":400,"loc":{"start":{"line":400,"column":2},"end":{"line":400,"column":42}}},"27":{"name":"validateProcess","line":414,"loc":{"start":{"line":414,"column":2},"end":{"line":414,"column":43}}},"28":{"name":"preparePath","line":426,"loc":{"start":{"line":426,"column":2},"end":{"line":426,"column":56}}},"29":{"name":"processExtraBake","line":436,"loc":{"start":{"line":436,"column":2},"end":{"line":436,"column":64}}},"30":{"name":"replaceFile","line":457,"loc":{"start":{"line":457,"column":2},"end":{"line":457,"column":97}}},"31":{"name":"replaceString","line":465,"loc":{"start":{"line":465,"column":2},"end":{"line":465,"column":121}}},"32":{"name":"(anonymous_32)","line":478,"loc":{"start":{"line":478,"column":49},"end":{"line":478,"column":67}}},"33":{"name":"(anonymous_33)","line":503,"loc":{"start":{"line":503,"column":27},"end":{"line":503,"column":52}}},"34":{"name":"extractSection","line":550,"loc":{"start":{"line":550,"column":2},"end":{"line":550,"column":37}}},"35":{"name":"parse","line":600,"loc":{"start":{"line":600,"column":2},"end":{"line":600,"column":60}}},"36":{"name":"processContent","line":625,"loc":{"start":{"line":625,"column":2},"end":{"line":625,"column":45}}},"37":{"name":"bakeFile","line":633,"loc":{"start":{"line":633,"column":2},"end":{"line":633,"column":42}}},"38":{"name":"(anonymous_38)","line":644,"loc":{"start":{"line":644,"column":22},"end":{"line":644,"column":39}}}},"statementMap":{"1":{"start":{"line":11,"column":0},"end":{"line":11,"column":29}},"2":{"start":{"line":13,"column":0},"end":{"line":663,"column":2}},"3":{"start":{"line":15,"column":1},"end":{"line":662,"column":5}},"4":{"start":{"line":23,"column":2},"end":{"line":31,"column":6}},"5":{"start":{"line":36,"column":2},"end":{"line":38,"column":3}},"6":{"start":{"line":37,"column":3},"end":{"line":37,"column":117}},"7":{"start":{"line":42,"column":2},"end":{"line":44,"column":3}},"8":{"start":{"line":43,"column":3},"end":{"line":43,"column":45}},"9":{"start":{"line":48,"column":2},"end":{"line":54,"column":3}},"10":{"start":{"line":49,"column":3},"end":{"line":49,"column":60}},"11":{"start":{"line":50,"column":9},"end":{"line":54,"column":3}},"12":{"start":{"line":51,"column":3},"end":{"line":51,"column":39}},"13":{"start":{"line":53,"column":3},"end":{"line":53,"column":60}},"14":{"start":{"line":56,"column":2},"end":{"line":63,"column":3}},"15":{"start":{"line":58,"column":3},"end":{"line":60,"column":4}},"16":{"start":{"line":59,"column":4},"end":{"line":59,"column":73}},"17":{"start":{"line":62,"column":3},"end":{"line":62,"column":56}},"18":{"start":{"line":70,"column":2},"end":{"line":80,"column":3}},"19":{"start":{"line":71,"column":3},"end":{"line":79,"column":7}},"20":{"start":{"line":72,"column":4},"end":{"line":72,"column":57}},"21":{"start":{"line":74,"column":4},"end":{"line":76,"column":5}},"22":{"start":{"line":75,"column":5},"end":{"line":75,"column":60}},"23":{"start":{"line":78,"column":4},"end":{"line":78,"column":21}},"24":{"start":{"line":82,"column":2},"end":{"line":84,"column":3}},"25":{"start":{"line":83,"column":3},"end":{"line":83,"column":36}},"26":{"start":{"line":86,"column":2},"end":{"line":109,"column":3}},"27":{"start":{"line":88,"column":3},"end":{"line":102,"column":6}},"28":{"start":{"line"
[...]
d is used when no process function is supplied.","\t\tfunction defaultProcess( template, content ) {","\t\t\treturn template.replace( options.parsePattern, function( match, inner ) {","\t\t\t\tvar processed = processPlaceholder( inner, content );","","\t\t\t\tif ( processed === undefined ) {","\t\t\t\t\tprocessed = ( ! options.removeUndefined ? match : \"\" );","\t\t\t\t}","","\t\t\t\treturn processed;","\t\t\t} );","\t\t}","","\t\tif ( ! options.hasOwnProperty( \"process\" ) ) {","\t\t\toptions.process = defaultProcess;","\t\t}","","\t\tfunction processPlaceholder( placeholder, values ) {","\t\t\t// extract transforms from placeholder","\t\t\tvar transforms = placeholder.match( transformsRegex ).map( function( str ) {","","\t\t\t\t// remove whitespace, otherwise transforms and variable key may not be found","\t\t\t\tstr = mout.string.trim( str );","","\t\t\t\t// extract name of transform and transform parameters, and clear quotes","\t\t\t\tvar parts = str.match( paramsRegex ).map( function( str ) {","\t\t\t\t\treturn mout.string.trim( str, \"'\" );","\t\t\t\t});","","\t\t\t\treturn {","\t\t\t\t\tname: parts[0],","\t\t\t\t\tparams: parts.slice(1)","\t\t\t\t};","\t\t\t});","","\t\t\t// the first value is the set that contains our variable key, and not a transfrom","\t\t\tvar key = transforms.shift().name;","\t\t\tvar resolved = resolveName( key, values );","","\t\t\treturn transforms.reduce( applyTransform, resolved );","\t\t}","","\t\tfunction applyTransform( content, transform ) {","\t\t\tvar name = transform.name;","","\t\t\tif( content === undefined ) {","\t\t\t\treturn;","\t\t\t}","","\t\t\t// check if transform is registred","\t\t\tif( ! mout.object.has( options.transforms, name ) ) {","\t\t\t\tgrunt.log.error( \"Unknown transform: \" + name );","","\t\t\t\treturn content;","\t\t\t}","","\t\t\t// check if transform is valid callback","\t\t\tif( ! mout.lang.isFunction( options.transforms[ name ] ) ) {","\t\t\t\tgrunt.log.error( \"Transform is not a function: \" + name );","","\t\t\t\treturn content;","\t\t\t}","","\t\t\t// apply transform, handler is calles with signature ( variableContent, param1, param2, ..., paramN )","\t\t\treturn options.transforms[ name ].apply( null, [ content ].concat( transform.params ) );","\t\t}","","\t\t// ===========","\t\t// -- UTILS --","\t\t// ===========","","\t\t// Regex to parse bake tags. Retuns linebreak, indent, type, and signature","","\t\tvar regex = /(\\n?)([ \\t]*)<!--\\(\\s?bake(-start|-end)?([\\S\\s]*?)\\)-->/;","","\t\t// Regex to parse attributes.","","\t\tvar attributesRegex = /([\\S_]+)=\"([^\"]+)\"/g;","","\t\t// Regex to parse transforms including their parameters from placeholders","","\t\tvar transformsRegex = /(?:'[^']*'|[^\\|])+/g;","","\t\t// Regex to parse parameters from transforms","","\t\tvar paramsRegex = /(?:'[^']*'|[^:])+/g;","","\t\t// Regex to detect array syntax.","","\t\tvar arrayRegex = /\\[([\\w\\.\\,\\-]*)\\]/;","","\t\t// Regex to detect includePath / attributes in signature","","\t\tvar signatureRegex = /^((?!_\\S+=)[^\\s]+)\\s?([\\S\\s]*)$/;","","\t\t// Regex to serach for variable names","","\t\tvar ifRegex = /([a-z_$][0-9a-z_$@\\.]*)|(?:\"([^\"]*)\")|(?:'([^']*)')/gi;","","\t\t// Method to check wether file exists and warn if not.","","\t\tfunction checkFile( src ) {","\t\t\tif ( ! grunt.file.exists( src ) ) {","\t\t\t\tgrunt.log.error( \"Source file \\\"\" + src + \"\\\" not fount.\" );","\t\t\t\treturn false;","\t\t\t}","","\t\t\treturn true;","\t\t}","","\t\t// Returns the directory path from a file path","","\t\tfunction directory( path ) {","\t\t\tvar segments = path.split( \"/\" );","","\t\t\tsegments.pop();","","\t\t\treturn segments.join( \"/\" );","\t\t}","","\t\t// Returns the filename from a file path","","\t\tfunction filename( path ) {","\t\t\treturn path.split( \"/\" ).pop();","\t\t}","","\t\t// Parses attribute string.","","\t\tfunction parseInlineValues( string ) {","\t\t\tvar match;","\t\t\tvar values = {};","","\t\t\twhile( match = attributesRegex.exec( string ) ) {","\t\t\t\tvalues[ match[ 1 ] ] = match[ 2 ];","\t\t\t}","","\t\t\treturn values;","\t\t}","","\t\t// Parses a bake call signature (extract filepath and arguments)","","\t\tfunction parseSignature( signature ) {","\t\t\tvar match;","\t\t\tvar result;","","\t\t\t// trim whitespace from signature otherwise reqular expression test may fail","\t\t\tsignature = signature.trim();","","\t\t\tif( match = signatureRegex.exec( signature ) ) {","\t\t\t\tresult = {","\t\t\t\t\tincludePath: match[ 1 ],","\t\t\t\t\tattributes: match[ 2 ],","\t\t\t\t\tsignature: signature","\t\t\t\t};","","\t\t\t} else {","\t\t\t\tresult = {","\t\t\t\t\tincludePath: \"\",","\t\t\t\t\tattributes: signature,","\t\t\t\t\tsignature: signature","\t\t\t\t};","\t\t\t}","","\t\t\treturn result;","\t\t}","","\t\t// Helper method to resolve nested placeholder names like: \"home.footer.text\"","","\t\tfunction resolveName( name, values ) {","\t\t\tname = String( name ).replace( /\\[([^\\]]+)\\]/g, function( match, inner ) {","\t\t\t\treturn \".\" + resolveName( inner, values );","\t\t\t});","","\t\t\treturn mout.object.get( values, name );","\t\t}","","","\t\t// Helper method to apply indent","","\t\tfunction applyIndent( indent, content ) {","\t\t\tif ( ! indent || indent.length < 1 ) {","\t\t\t\treturn content;","\t\t\t}","","\t\t\treturn content","\t\t\t\t.split( \"\\n\" )","\t\t\t\t.map( function( line ) {","\t\t\t\t\t// do not indent empty lines","\t\t\t\t\treturn line.trim() !== \"\" ? ( indent + line ) : \"\";","\t\t\t\t} )","\t\t\t\t.join( \"\\n\" );","\t\t}","","","\t\t// Helper to either find values from JSON or inline values","","\t\tfunction getArrayValues( string, values ) {","","\t\t\tstring = string.split( \" \" ).join( \"\" );","","\t\t\tif ( arrayRegex.test( string ) )","\t\t\t\treturn string.match( arrayRegex )[ 1 ].split( \",\" );","","\t\t\telse {","\t\t\t\tvar array = processPlaceholder( string, values );","\t\t\t\tif ( ! mout.lang.isArray( array ) ) array = [];","","\t\t\t\treturn array;","\t\t\t}","","\t\t}","","\t\t// Handle _if attributes in inline arguments","","\t\tfunction validateIf( inlineValues, values ) {","","\t\t\tif ( \"_if\" in inlineValues ) {","","\t\t\t\tvar value = inlineValues[ \"_if\" ];","\t\t\t\tdelete inlineValues[ \"_if\" ];","","\t\t\t\tvar params = {};","","\t\t\t\tvar condition = value.replace( ifRegex, function( match, varname ) {","\t\t\t\t\tif( ! varname ) return match;","","\t\t\t\t\tvar resolved = resolveName( varname, values );","","\t\t\t\t\t// check for semantic falsy values","\t\t\t\t\tif ( options.semanticIf === true ) {","\t\t\t\t\t\tresolved = [ \"no\", \"off\" ].indexOf( resolved ) === -1;","","\t\t\t\t\t} else if ( mout.lang.isArray( options.semanticIf ) ) {","\t\t\t\t\t\tresolved = options.semanticIf.indexOf( resolved ) === -1;","","\t\t\t\t\t} else if ( mout.lang.isFunction( options.semanticIf ) ) {","\t\t\t\t\t\tresolved = options.semanticIf( resolved );","\t\t\t\t\t}","","\t\t\t\t\tparams[ varname ] = resolved;","","\t\t\t\t\treturn \"params['\" + varname + \"']\";","\t\t\t\t});","","\t\t\t\ttry {","\t\t\t\t\t/* jshint evil:true */","\t\t\t\t\t/* eslint-disable no-eval */","","\t\t\t\t\treturn ! eval( condition );","","\t\t\t\t} catch( e ) {","\t\t\t\t\tgrunt.log.error( \"Invalid if condition: '\" + value + \"'\" );","\t\t\t\t}","\t\t\t}","","\t\t\treturn false;","\t\t}","","","\t\t// Handle _render attributes in inline arguments","","\t\tfunction validateRender( inlineValues ) {","\t\t\tif ( \"_render\" in inlineValues ) {","","\t\t\t\tvar skipValue = inlineValues[ \"_render\" ];","","\t\t\t\tif ( skipValue in options ) {","\t\t\t\t\treturn ! options[ skipValue ];","\t\t\t\t}","\t\t\t}","","\t\t\treturn false;","\t\t}","","","\t\t// Handle _section attributes in inline arguments","","\t\tfunction validateSection( inlineValues ) {","\t\t\tif ( \"_section\" in inlineValues ) {","","\t\t\t\tvar value = inlineValues[ \"_section\" ];","\t\t\t\tdelete inlineValues[ \"_section\" ];","","\t\t\t\treturn value;","\t\t\t}","","\t\t\treturn null;","\t\t}","","","\t\t// Handle _foreach attributes in inline arguments","","\t\tfunction validateForEach( inlineValues, values, array ) {","","\t\t\tif ( \"_foreach\" in inlineValues ) {","","\t\t\t\tvar set = inlineValues[ \"_foreach\" ].split( \":\" );","\t\t\t\tdelete inlineValues[ \"_foreach\" ];","","\t\t\t\t// as transforms may contain colons, join rest of list to recreate original string","\t\t\t\tgetArrayValues( set.slice(1).join( \":\" ), values ).forEach( function( value ) {","\t\t\t\t\tarray.push( value );","\t\t\t\t} );","","\t\t\t\treturn set[ 0 ];","\t\t\t}","","\t\t\treturn null;","\t\t}","","\t\t// Handle _bake attributes in inline arguments","","\t\tfunction validateBake( inlineValues ) {","\t\t\tif ( \"_bake\" in inlineValues ) {","","\t\t\t\tvar signature = inlineValues[ \"_bake\" ];","\t\t\t\tdelete inlineValues[ \"_bake\" ];","","\t\t\t\tvar set = signature.split( \">\", 2 );","","\t\t\t\treturn {","\t\t\t\t\tsrc: mout.string.trim( set[0] ),","\t\t\t\t\tdest: mout.string.trim( set[1] )","\t\t\t\t};","\t\t\t}","","\t\t\treturn null;","\t\t}","","\t\t// Handle _assign attributes in inline arguments","","\t\tfunction validateAssign( inlineValues ) {","\t\t\tif ( \"_assign\" in inlineValues ) {","","\t\t\t\tvar value = inlineValues[ \"_assign\" ];","\t\t\t\tdelete inlineValues[ \"_assign\" ];","","\t\t\t\treturn value;","\t\t\t}","","\t\t\treturn null;","\t\t}","","\t\t// Handle _process attributes in inline arguments","","\t\tfunction validateProcess( inlineValues ) {","\t\t\tif ( \"_process\" in inlineValues ) {","","\t\t\t\tvar value = inlineValues[ \"_process\" ];","\t\t\t\tdelete inlineValues[ \"_process\" ];","","\t\t\t\treturn String(value).toLowerCase() === 'true' ;","\t\t\t}","","\t\t\treturn true;","\t\t}","","\t\tfunction preparePath( includePath, filePath, values ) {","","\t\t\t// replace placeholders within the include path","\t\t\tincludePath = processContent( includePath, values );","","\t\t\tif ( includePath[ 0 ] === \"/\" )","\t\t\t\treturn options.basePath + includePath.substr( 1 );","\t\t\telse return directory( filePath ) + \"/\" + includePath;","\t\t}","","\t\tfunction processExtraBake( bake, filePath, destFile, values ) {","\t\t\tif( bake === null ) return;","","\t\t\tvar src = preparePath( bake.src, filePath, values );","\t\t\tvar dest = preparePath( bake.dest, destFile, values );","","\t\t\t// inject variable to link to dynamically processed file","\t\t\tvalues[ \"@link\" ] = processContent( bake.dest, values );","","\t\t\t// compute the depth of the destination path","\t\t\tvar parentDirsCount = bake.dest.split( \"/\" ).length - 1;","","\t\t\t// create a prefix for building a link to parent folder","\t\t\tvar parentDirsString = new Array( parentDirsCount + 1 ).join( \"../\" );","","\t\t\t// inject variable to link to file that triggered the dynamic creation, from dynamically processed file","\t\t\tvalues[ \"@referrer\" ] = parentDirsString + filename( destFile );","","\t\t\tbakeFile( src, dest, values );","\t\t}","","\t\tfunction replaceFile( linebreak, indent, includePath, attributes, filePath, destFile, values ) {","\t\t\tincludePath = preparePath( includePath, filePath, values );","","\t\t\tvar includeContent = grunt.file.read( includePath );","","\t\t\treturn replaceString( includeContent, linebreak, indent, includePath, attributes, filePath, destFile, values );","\t\t}","","\t\tfunction replaceString( includeContent, linebreak, indent, includePath, attributes, filePath, destFile, parentValues ) {","\t\t\tvar values = parentValues;","\t\t\tvar inlineValues = parseInlineValues( attributes );","\t\t\tvar section = validateSection( inlineValues, values );","\t\t\tvar extraBake = validateBake( inlineValues );","\t\t\tvar assign = validateAssign( inlineValues );","\t\t\tvar doProcess = validateProcess( inlineValues );","","\t\t\tif ( section !== null ) {","\t\t\t\tvalues = mout.object.get( parentValues, section );","\t\t\t}","","\t\t\t// resolve placeholders within inline values so these can be used in subsequent grunt-tags (see #67)","\t\t\tinlineValues = mout.object.map( inlineValues, function( value ) {","\t\t\t\treturn processContent( value, values );","\t\t\t} );","","\t\t\tif ( validateIf( inlineValues, values ) ) return \"\";","\t\t\tif ( validateRender( inlineValues ) ) return \"\";","\t\t\tvar forEachValues = [];","\t\t\tvar forEachName = validateForEach( inlineValues, values, forEachValues );","","\t\t\tvalues = mout.object.merge( values, inlineValues );","","\t\t\tincludeContent = applyIndent( indent, includeContent);","","\t\t\tvar content = \"\"; // result of current bake-section","","\t\t\tif( !doProcess ) {","\t\t\t\tcontent = linebreak + includeContent;","","\t\t\t} else if ( forEachName && forEachValues.length > 0 ) {","","\t\t\t\tvar fragment = \"\";","\t\t\t\tvar oldValue = values[ forEachName ];","\t\t\t\tvar total = forEachValues.length;","","","\t\t\t\tforEachValues.forEach( function( value, index ) {","\t\t\t\t\tvalues[ forEachName ] = value;","","\t\t\t\t\t// assign meta vars with information about current iteration","\t\t\t\t\tvalues[ forEachName + \"@index\" ] = index;","\t\t\t\t\tvalues[ forEachName + \"@iteration\" ] = index + 1;","\t\t\t\t\tvalues[ forEachName + \"@first\" ] = ( index === 0 );","\t\t\t\t\tvalues[ forEachName + \"@last\" ] = ( ( total - 1 ) === index );","\t\t\t\t\tvalues[ forEachName + \"@total\" ] = total;","","\t\t\t\t\tprocessExtraBake( extraBake, filePath, destFile, values );","","\t\t\t\t\tfragment += linebreak + processContent( parse( includeContent, includePath, destFile, values ), values );","\t\t\t\t} );","","\t\t\t\tif ( oldValue === undefined ) values[ forEachName ] = oldValue;","\t\t\t\telse delete values[ forEachName ];","","\t\t\t\tcontent = fragment;","","\t\t\t} else if( !forEachName ) {","","\t\t\t\tprocessExtraBake( extraBake, filePath, destFile, values );","","\t\t\t\tcontent = linebreak + parse( includeContent, includePath, destFile, values );","","\t\t\t} else {","","\t\t\t\tcontent = \"\";","\t\t\t}","","\t\t\tif( assign !== null ) {","\t\t\t\tparentValues[ assign ] = mout.string.ltrim( content );","","\t\t\t\tcontent = \"\";","\t\t\t}","","\t\t\treturn content;","\t\t}","","\t\t// =====================","\t\t// -- RECURSIVE PARSE --","\t\t// =====================","","\t\t// extract bake sections.","\t\t// For inline-bake it searches for matching closing tags and returns inline content and other information","","\t\tfunction extractSection( content ) {","\t\t\tvar depth = 0;\t\t\t// tracks how difference between found opening and closing tags","\t\t\tvar start = 0;\t\t\t// character position in `content` where inner-content starts","\t\t\tvar position = 0;\t\t// current character position within _original_ content","\t\t\tvar length = 0;\t\t\t// length section (= spacing plus bake-tag) we currently evaluate","\t\t\tvar remain = content;\t// content left for further extraction","\t\t\tvar section = {};","","\t\t\tdo {","","\t\t\t\tvar result = remain.match( regex );","","\t\t\t\tif( ! result ) break;","","\t\t\t\tlength = result[ 0 ].length;","\t\t\t\tposition += result.index;","","\t\t\t\tif( depth === 0 ) {","","\t\t\t\t\tstart = position + length;","","\t\t\t\t\tsection = mout.object.merge( section, parseSignature( result[ 4 ] ), {","\t\t\t\t\t\tbefore: content.slice( 0, position ),","\t\t\t\t\t\tlinebreak: result[ 1 ],","\t\t\t\t\t\tindent: result[ 2 ]","\t\t\t\t\t} );","\t\t\t\t}","","\t\t\t\tremain = remain.slice( result.index + length );","","\t\t\t\tdepth += ( result[ 3 ] === \"-start\" );","\t\t\t\tdepth -= ( result[ 3 ] === \"-end\" );","","\t\t\t\tif( depth === 0 ) {","\t\t\t\t\treturn mout.object.merge( section, {","\t\t\t\t\t\tinner: content.slice( start, position ),","\t\t\t\t\t\tafter: content.slice( position + length )","\t\t\t\t\t} );","\t\t\t\t}","","\t\t\t\tposition += length;","","\t\t\t} while( true );","","\t\t\treturn null;","\t\t}","","","\t\t// Recursivly search for bake-tags and create one file.","","\t\tfunction parse( fileContent, filePath, destFile, values ) {","","\t\t\tvar section = extractSection( fileContent );","","\t\t\tif( section ) {","\t\t\t\tfileContent = processContent( section.before, values );","","\t\t\t\tif( section.inner ) {","\t\t\t\t\tfileContent += replaceString( section.inner, \"\", \"\", filePath, section.attributes, filePath, destFile, values );","","\t\t\t\t} else if( section.includePath ) {","\t\t\t\t\tfileContent += replaceFile( section.linebreak, section.indent, section.includePath, section.attributes, filePath, destFile, values );","\t\t\t\t}","","\t\t\t\tfileContent += parse( section.after, filePath, destFile, values );","","\t\t\t} else {","\t\t\t\treturn processContent( fileContent, values );","\t\t\t}","","\t\t\treturn fileContent;","\t\t}","","\t\t// Run process function if processor-function is defined","","\t\tfunction processContent( content, values ) {","\t\t\treturn mout.lang.isFunction( options.process ) ? options.process( content, values ) : content;","\t\t}","","\t\t// ==========","\t\t// -- BAKE --","\t\t// ==========","","\t\tfunction bakeFile( src, dest, content ) {","","\t\t\tvar srcContent = grunt.file.read( src );","\t\t\tvar destContent = parse( srcContent, src, dest, content );","","\t\t\tgrunt.file.write( dest, destContent );","\t\t\tgrunt.log.ok( \"File \\\"\" + dest + \"\\\" created.\" );","\t\t}","","\t\t// Loop over files and create baked files.","","\t\tthis.files.forEach( function( file ) {","","\t\t\tvar src = file.src[ 0 ];","\t\t\tvar dest = file.dest;","","\t\t\tif ( ! checkFile( src ) ) return;","","\t\t\tvar content = mout.object.merge( options.content, {","\t\t\t\t__bake: {","\t\t\t\t\tfilename: src,","\t\t\t\t\tsrcFilename: src,","\t\t\t\t\tdestFilename: dest,","\t\t\t\t\ttimestamp: Date.now()","\t\t\t\t}","\t\t\t} );","","\t\t\tbakeFile( src, dest, content );","\t\t} );","\t} );","};",""],"l":{"11":1,"13":1,"15":0,"23":0,"36":0,"37":0,"42":0,"43":0,"48":0,"49":0,"50":0,"51":0,"53":0,"56":0,"58":0,"59":0,"62":0,"70":1,"71":0,"72":0,"74":0,"75":0,"78":0,"82":0,"83":0,"86":1,"88":0,"91":0,"94":0,"95":0,"98":0,"105":0,"106":0,"108":0,"111":1,"112":0,"114":0,"115":0,"119":0,"120":0,"122":0,"126":0,"127":0,"129":0,"133":0,"142":0,"146":0,"150":0,"154":0,"158":0,"162":0,"166":0,"170":1,"171":0,"172":0,"173":0,"176":0,"181":1,"182":0,"184":0,"186":0,"191":1,"192":0,"197":1,"198":0,"199":0,"201":0,"202":0,"205":0,"210":1,"211":0,"212":0,"215":0,"217":0,"218":0,"225":0,"232":0,"237":1,"238":0,"239":0,"242":0,"248":1,"249":0,"250":0,"253":0,"257":0,"265":1,"267":0,"269":0,"270":0,"273":0,"274":0,"276":0,"283":1,"285":0,"287":0,"288":0,"290":0,"292":0,"293":0,"295":0,"298":0,"299":0,"301":0,"302":0,"304":0,"305":0,"308":0,"310":0,"313":0,"317":0,"320":0,"324":0,"330":1,"331":0,"333":0,"335":0,"336":0,"340":0,"346":1,"347":0,"349":0,"350":0,"352":0,"355":0,"361":1,"363":0,"365":0,"366":0,"369":0,"370":0,"373":0,"376":0,"381":1,"382":0,"384":0,"385":0,"387":0,"389":0,"395":0,"400":1,"401":0,"403":0,"404":0,"406":0,"409":0,"414":1,"415":0,"417":0,"418":0,"420":0,"423":0,"426":1,"429":0,"431":0,"432":0,"433":0,"436":1,"437":0,"439":0,"440":0,"443":0,"446":0,"449":0,"452":0,"454":0,"457":1,"458":0,"460":0,"462":0,"465":1,"466":0,"467":0,"468":0,"469":0,"470":0,"471":0,"473":0,"474":0,"478":0,"479":0,"482":0,"483":0,"484":0,"485":0,"487":0,"489":0,"491":0,"493":0,"494":0,"496":0,"498":0,"499":0,"500":0,"503":0,"504":0,"507":0,"508":0,"509":0,"510":0,"511":0,"513":0,"515":0,"518":0,"519":0,"521":0,"523":0,"525":0,"527":0,"531":0,"534":0,"535":0,"537":0,"540":0,"550":1,"551":0,"552":0,"553":0,"554":0,"555":0,"556":0,"558":0,"560":0,"562":0,"564":0,"565":0,"567":0,"569":0,"571":0,"578":0,"580":0,"581":0,"583":0,"584":0,"590":0,"594":0,"600":1,"602":0,"604":0,"605":0,"607":0,"608":0,"610":0,"611":0,"614":0,"617":0,"620":0,"625":1,"626":0,"633":1,"635":0,"636":0,"638":0,"639":0,"644":0,"646":0,"647":0,"649":0,"651":0,"660":0}}}